[2022-04-03 13:08:04,909] PrescriptionPushSyetem.uploadTimer:[INFO]:[views:upload_prescription_job:138]:[MainProcess:12684]:上传处方定时任务开始================================
[2022-04-03 13:08:04,912] PrescriptionPushSyetem.uploadTimer:[INFO]:[HosPrescriptionService:get_pre_lists_by_statues:58]:[MainProcess:12684]:- ==> executing:SELECT `mid _prescriptions`.pres_num, `mid _prescriptions`.upload_status 
FROM `mid _prescriptions` 
WHERE `mid _prescriptions`.upload_status BETWEEN 0 AND 10000
[2022-04-03 13:08:04,936] PrescriptionPushSyetem.uploadTimer:[INFO]:[HosPrescriptionService:get_pre_lists_by_statues:60]:[MainProcess:12684]:- ==> Parameters:[]
[2022-04-03 13:08:04,936] PrescriptionPushSyetem.uploadTimer:[INFO]:[HosPrescriptionService:get_pre_lists_by_statues:61]:[MainProcess:12684]:- <==  Columns: pres_num , upload_status
[2022-04-03 13:08:04,936] PrescriptionPushSyetem.uploadTimer:[INFO]:[views:upload_prescription_job:163]:[MainProcess:12684]:本次无未上传处方！
[2022-04-03 13:08:04,936] PrescriptionPushSyetem.uploadTimer:[INFO]:[views:insert_mid_by_pres_consignee:23]:[MainProcess:12684]:查询处方地址关联表:
[2022-04-03 13:08:04,947] PrescriptionPushSyetem.uploadTimer:[INFO]:[HosPrescriptionService:find_un_write_pres_consignee:35]:[MainProcess:12684]:- ==> executing:SELECT pres_consignee.pres_num, pres_consignee.addr_id, custom_addr.province, custom_addr.city, custom_addr.zone, custom_addr.addr_detail, custom_addr.consignee, custom_addr.con_tel, pres_consignee.send_goods_time, custom_addr.is_hos_addr, pres_consignee.is_write_mid 
FROM pres_consignee, custom_addr 
WHERE pres_consignee.addr_id = custom_addr.addr_id AND pres_consignee.is_write_mid = 0
[2022-04-03 13:08:04,976] PrescriptionPushSyetem.uploadTimer:[INFO]:[HosPrescriptionService:find_un_write_pres_consignee:37]:[MainProcess:12684]:- ==> Parameters:
[2022-04-03 13:08:04,976] PrescriptionPushSyetem.uploadTimer:[INFO]:[HosPrescriptionService:find_un_write_pres_consignee:38]:[MainProcess:12684]:- <==  Columns: pres_num , addr_id , province , city , zone , addr_detail , consignee , con_tel , send_goods_time , is_hos_addr , is_write_mid
[2022-04-03 13:08:04,976] PrescriptionPushSyetem.uploadTimer:[INFO]:[views:upload_prescription_job:165]:[MainProcess:12684]:上传处方定时任务结束================================
[2022-04-03 13:09:04,908] PrescriptionPushSyetem.uploadTimer:[INFO]:[views:upload_prescription_job:138]:[MainProcess:12684]:上传处方定时任务开始================================
[2022-04-03 13:09:04,913] PrescriptionPushSyetem.uploadTimer:[INFO]:[HosPrescriptionService:get_pre_lists_by_statues:58]:[MainProcess:12684]:- ==> executing:SELECT `mid _prescriptions`.pres_num, `mid _prescriptions`.upload_status 
FROM `mid _prescriptions` 
WHERE `mid _prescriptions`.upload_status BETWEEN 0 AND 10000
[2022-04-03 13:09:04,930] PrescriptionPushSyetem.uploadTimer:[INFO]:[HosPrescriptionService:get_pre_lists_by_statues:60]:[MainProcess:12684]:- ==> Parameters:[]
[2022-04-03 13:09:04,930] PrescriptionPushSyetem.uploadTimer:[INFO]:[HosPrescriptionService:get_pre_lists_by_statues:61]:[MainProcess:12684]:- <==  Columns: pres_num , upload_status
[2022-04-03 13:09:04,930] PrescriptionPushSyetem.uploadTimer:[INFO]:[views:upload_prescription_job:163]:[MainProcess:12684]:本次无未上传处方！
[2022-04-03 13:09:04,930] PrescriptionPushSyetem.uploadTimer:[INFO]:[views:insert_mid_by_pres_consignee:23]:[MainProcess:12684]:查询处方地址关联表:
[2022-04-03 13:09:04,935] PrescriptionPushSyetem.uploadTimer:[INFO]:[HosPrescriptionService:find_un_write_pres_consignee:35]:[MainProcess:12684]:- ==> executing:SELECT pres_consignee.pres_num, pres_consignee.addr_id, custom_addr.province, custom_addr.city, custom_addr.zone, custom_addr.addr_detail, custom_addr.consignee, custom_addr.con_tel, pres_consignee.send_goods_time, custom_addr.is_hos_addr, pres_consignee.is_write_mid 
FROM pres_consignee, custom_addr 
WHERE pres_consignee.addr_id = custom_addr.addr_id AND pres_consignee.is_write_mid = 0
[2022-04-03 13:09:04,961] PrescriptionPushSyetem.uploadTimer:[INFO]:[HosPrescriptionService:find_un_write_pres_consignee:37]:[MainProcess:12684]:- ==> Parameters:
[2022-04-03 13:09:04,961] PrescriptionPushSyetem.uploadTimer:[INFO]:[HosPrescriptionService:find_un_write_pres_consignee:38]:[MainProcess:12684]:- <==  Columns: pres_num , addr_id , province , city , zone , addr_detail , consignee , con_tel , send_goods_time , is_hos_addr , is_write_mid
[2022-04-03 13:09:04,961] PrescriptionPushSyetem.uploadTimer:[INFO]:[views:upload_prescription_job:165]:[MainProcess:12684]:上传处方定时任务结束================================
[2022-04-03 13:09:30,005] PrescriptionPushSyetem.uploadTimer:[INFO]:[views:pres_upload:415]:[MainProcess:12684]:==> 保存联系人:
[2022-04-03 13:09:30,005] PrescriptionPushSyetem.uploadTimer:[INFO]:[views:pres_upload:416]:[MainProcess:12684]:==> custom_num:05105629
[2022-04-03 13:09:30,005] PrescriptionPushSyetem.uploadTimer:[INFO]:[views:pres_upload:417]:[MainProcess:12684]:==> 地址信息:{'custom_num': '05105629', 'consignee': '张伟莉', 'con_tel': '13888157078', 'province': '云南省', 'city': '昆明市', 'zone': '五华区', 'addr_detail': '红景路荷塘月色16栋二单元402', 'is_hos_addr': '2'}
[2022-04-03 13:09:30,011] PrescriptionPushSyetem.uploadTimer:[INFO]:[views:pres_upload:426]:[MainProcess:12684]:{'status': 'success', 'message': '保存联系人成功！'}
[2022-04-03 13:09:47,958] PrescriptionPushSyetem.uploadTimer:[INFO]:[views:pres_upload:464]:[MainProcess:12684]:保存处方地址:
[2022-04-03 13:09:47,959] PrescriptionPushSyetem.uploadTimer:[INFO]:[views:pres_upload:465]:[MainProcess:12684]:==> 处方号:MZ_2022040128300
[2022-04-03 13:09:47,959] PrescriptionPushSyetem.uploadTimer:[INFO]:[views:pres_upload:466]:[MainProcess:12684]:==> 关联地址信息:{'pres_num': 'MZ_2022040128300', 'addr_id': '1', 'send_goods_time': '2022-04-03 18:00:00'}
[2022-04-03 13:09:47,984] PrescriptionPushSyetem.uploadTimer:[INFO]:[views:pres_upload:475]:[MainProcess:12684]:{'status': 'success', 'message': '处方地址关联成功！'}
[2022-04-03 13:10:04,906] PrescriptionPushSyetem.uploadTimer:[INFO]:[views:upload_prescription_job:138]:[MainProcess:12684]:上传处方定时任务开始================================
[2022-04-03 13:10:04,912] PrescriptionPushSyetem.uploadTimer:[INFO]:[HosPrescriptionService:get_pre_lists_by_statues:58]:[MainProcess:12684]:- ==> executing:SELECT `mid _prescriptions`.pres_num, `mid _prescriptions`.upload_status 
FROM `mid _prescriptions` 
WHERE `mid _prescriptions`.upload_status BETWEEN 0 AND 10000
[2022-04-03 13:10:04,936] PrescriptionPushSyetem.uploadTimer:[INFO]:[HosPrescriptionService:get_pre_lists_by_statues:60]:[MainProcess:12684]:- ==> Parameters:[]
[2022-04-03 13:10:04,936] PrescriptionPushSyetem.uploadTimer:[INFO]:[HosPrescriptionService:get_pre_lists_by_statues:61]:[MainProcess:12684]:- <==  Columns: pres_num , upload_status
[2022-04-03 13:10:04,936] PrescriptionPushSyetem.uploadTimer:[INFO]:[views:upload_prescription_job:163]:[MainProcess:12684]:本次无未上传处方！
[2022-04-03 13:10:04,936] PrescriptionPushSyetem.uploadTimer:[INFO]:[views:insert_mid_by_pres_consignee:23]:[MainProcess:12684]:查询处方地址关联表:
[2022-04-03 13:10:04,942] PrescriptionPushSyetem.uploadTimer:[INFO]:[HosPrescriptionService:find_un_write_pres_consignee:35]:[MainProcess:12684]:- ==> executing:SELECT pres_consignee.pres_num, pres_consignee.addr_id, custom_addr.province, custom_addr.city, custom_addr.zone, custom_addr.addr_detail, custom_addr.consignee, custom_addr.con_tel, pres_consignee.send_goods_time, custom_addr.is_hos_addr, pres_consignee.is_write_mid 
FROM pres_consignee, custom_addr 
WHERE pres_consignee.addr_id = custom_addr.addr_id AND pres_consignee.is_write_mid = 0
[2022-04-03 13:10:04,969] PrescriptionPushSyetem.uploadTimer:[INFO]:[HosPrescriptionService:find_un_write_pres_consignee:37]:[MainProcess:12684]:- ==> Parameters:
[2022-04-03 13:10:04,969] PrescriptionPushSyetem.uploadTimer:[INFO]:[HosPrescriptionService:find_un_write_pres_consignee:38]:[MainProcess:12684]:- <==  Columns: pres_num , addr_id , province , city , zone , addr_detail , consignee , con_tel , send_goods_time , is_hos_addr , is_write_mid
[2022-04-03 13:10:04,969] PrescriptionPushSyetem.uploadTimer:[INFO]:[HosPrescriptionService:find_un_write_pres_consignee:41]:[MainProcess:12684]:- <==  Row: ('MZ_2022040128300', 1, '云南省', '昆明市', '五华区', '红景路荷塘月色16栋二单元402', '张伟莉', '13888157078', '2022-04-03 18:00:00', 2, 0)
[2022-04-03 13:10:04,981] PrescriptionPushSyetem.uploadTimer:[INFO]:[views:insert_mid_by_pres_consignee:88]:[MainProcess:12684]:- ==> executing:SELECT mz_hosp_prescriptions_view.pres_num, mz_hosp_prescriptions_view.pres_time, mz_hosp_prescriptions_view.treat_card, mz_hosp_prescriptions_view.reg_num, mz_hosp_prescriptions_view.username AS user_name, mz_hosp_prescriptions_view.age, mz_hosp_prescriptions_view.gender, mz_hosp_prescriptions_view.tel, mz_hosp_prescriptions_view.is_suffering, mz_hosp_prescriptions_view.amount, mz_hosp_prescriptions_view.type, mz_hosp_prescriptions_view.is_within, mz_hosp_prescriptions_view.is_suffering * mz_hosp_prescriptions_view.amount * mz_hosp_prescriptions_view.per_pack_num AS suffering_num, mz_hosp_prescriptions_view.per_pack_num, mz_hosp_prescriptions_view.per_pack_dose, mz_hosp_prescriptions_view.ji_fried, mz_hosp_prescriptions_view.special_instru, mz_hosp_prescriptions_view.hos_depart, mz_hosp_prescriptions_view.doctor, mz_hosp_prescriptions_view.remark AS prescript_remark, mz_hosp_prescriptions_view.medication_methods, mz_hosp_prescriptions_view.medication_instruction, 0 AS source 
FROM mz_hosp_prescriptions_view 
WHERE mz_hosp_prescriptions_view.pres_num = 'MZ_2022040128300'
[2022-04-03 13:10:05,007] PrescriptionPushSyetem.uploadTimer:[INFO]:[views:insert_mid_by_pres_consignee:90]:[MainProcess:12684]:- ==> Parameters:
[2022-04-03 13:10:05,007] PrescriptionPushSyetem.uploadTimer:[INFO]:[views:insert_mid_by_pres_consignee:91]:[MainProcess:12684]:- <==  Columns: pres_num , pres_time , treat_card , reg_num , user_name , age , gender , tel , is_suffering , amount , type , is_within , suffering_num , per_pack_num , per_pack_dose , ji_fried , special_instru , hos_depart , doctor , prescript_remark , medication_methods , medication_instruction , source
[2022-04-03 13:10:05,007] PrescriptionPushSyetem.uploadTimer:[INFO]:[views:insert_mid_by_pres_consignee:92]:[MainProcess:12684]:- <==  Row: ('MZ_2022040128300', '2022-04-01 15:57:46', '05105629', '05105629', '张伟莉', 65, 0, '13888157078', 1, 3, 0, 0, 12, 4, 200, 1, '抑郁发作;', '精神医学/中西医结合', '杨俊伟', '', '', '', 0)
[2022-04-03 13:10:05,022] PrescriptionPushSyetem.uploadTimer:[INFO]:[views:insert_mid_by_pres_consignee:98]:[MainProcess:12684]:- ==> executing:SELECT mz_details_view.pres_num, mz_details_view.medicines, mz_details_view.goods_num, mz_details_view.dose, mz_details_view.unit, mz_details_view.dose_that, mz_details_view.remark, mz_details_view.m_usage, mz_details_view.goods_norms, mz_details_view.goods_orgin 
FROM mz_details_view 
WHERE mz_details_view.pres_num = 'MZ_2022040128300'
[2022-04-03 13:10:05,022] PrescriptionPushSyetem.uploadTimer:[INFO]:[views:insert_mid_by_pres_consignee:99]:[MainProcess:12684]:- ==> Parameters:
[2022-04-03 13:10:05,022] PrescriptionPushSyetem.uploadTimer:[INFO]:[views:insert_mid_by_pres_consignee:100]:[MainProcess:12684]:- <==  Columns: pres_num , medicines , goods_num , dose , unit , dose_that , remark , m_usage , goods_norms , goods_orgin
[2022-04-03 13:10:05,022] PrescriptionPushSyetem.uploadTimer:[INFO]:[views:insert_mid_by_pres_consignee:103]:[MainProcess:12684]:- <==  Row: ('MZ_2022040128300', '酸枣仁', '8000583CY0', '20', 'g', '', '', '', '1g', '成都康美')
[2022-04-03 13:10:05,022] PrescriptionPushSyetem.uploadTimer:[INFO]:[views:insert_mid_by_pres_consignee:103]:[MainProcess:12684]:- <==  Row: ('MZ_2022040128300', '远志', '8000538CY0', '15', 'g', '', '', '', '1g', '成都康美')
[2022-04-03 13:10:05,022] PrescriptionPushSyetem.uploadTimer:[INFO]:[views:insert_mid_by_pres_consignee:103]:[MainProcess:12684]:- <==  Row: ('MZ_2022040128300', '熟地黄', '8000698CY0', '20', 'g', '', '', '', '1g', '成都康美')
[2022-04-03 13:10:05,022] PrescriptionPushSyetem.uploadTimer:[INFO]:[views:insert_mid_by_pres_consignee:103]:[MainProcess:12684]:- <==  Row: ('MZ_2022040128300', '麦冬', '8000695CY0', '10', 'g', '', '', '', '1g', '成都康美')
[2022-04-03 13:10:05,022] PrescriptionPushSyetem.uploadTimer:[INFO]:[views:insert_mid_by_pres_consignee:103]:[MainProcess:12684]:- <==  Row: ('MZ_2022040128300', '石斛', '8000604CY0', '15', 'g', '', '', '', '1g', '成都康美')
[2022-04-03 13:10:05,028] PrescriptionPushSyetem.uploadTimer:[INFO]:[views:insert_mid_by_pres_consignee:103]:[MainProcess:12684]:- <==  Row: ('MZ_2022040128300', '丹参', '8000554CY0', '15', 'g', '', '', '', '1g', '成都康美')
[2022-04-03 13:10:05,028] PrescriptionPushSyetem.uploadTimer:[INFO]:[views:insert_mid_by_pres_consignee:103]:[MainProcess:12684]:- <==  Row: ('MZ_2022040128300', '钩藤', '8000625CY0', '15', 'g', '', '', '', '1g', '成都康美')
[2022-04-03 13:10:05,028] PrescriptionPushSyetem.uploadTimer:[INFO]:[views:insert_mid_by_pres_consignee:103]:[MainProcess:12684]:- <==  Row: ('MZ_2022040128300', '龟板', '8000617CY0', '20', 'g', '', '', '', '1g', '成都康美')
[2022-04-03 13:10:05,028] PrescriptionPushSyetem.uploadTimer:[INFO]:[views:insert_mid_by_pres_consignee:103]:[MainProcess:12684]:- <==  Row: ('MZ_2022040128300', '煅磁石', '8000802CY0', '10', 'g', '', '', '', '1g', '成都康美')
[2022-04-03 13:10:05,028] PrescriptionPushSyetem.uploadTimer:[INFO]:[views:insert_mid_by_pres_consignee:103]:[MainProcess:12684]:- <==  Row: ('MZ_2022040128300', '牛膝', '800596CY0', '15', 'g', '', '', '', '1g', '成都康美')
[2022-04-03 13:10:05,028] PrescriptionPushSyetem.uploadTimer:[INFO]:[views:insert_mid_by_pres_consignee:103]:[MainProcess:12684]:- <==  Row: ('MZ_2022040128300', '首乌藤', '8000582CY0', '10', 'g', '', '', '', '1g', '成都康美')
[2022-04-03 13:10:05,028] PrescriptionPushSyetem.uploadTimer:[INFO]:[views:insert_mid_by_pres_consignee:103]:[MainProcess:12684]:- <==  Row: ('MZ_2022040128300', '天麻', '80000575CY', '10', 'g', '', '', '', '1g', '成都康美')
[2022-04-03 13:10:05,028] PrescriptionPushSyetem.uploadTimer:[INFO]:[views:insert_mid_by_pres_consignee:103]:[MainProcess:12684]:- <==  Row: ('MZ_2022040128300', '大枣', '8000540CY0', '10', 'g', '', '', '', '1g', '成都康美')
[2022-04-03 13:10:05,028] PrescriptionPushSyetem.uploadTimer:[INFO]:[views:insert_mid_by_pres_consignee:103]:[MainProcess:12684]:- <==  Row: ('MZ_2022040128300', '甘草', '8000530CY0', '6', 'g', '', '', '', '1g', '成都康美')
[2022-04-03 13:10:05,028] PrescriptionPushSyetem.uploadTimer:[INFO]:[views:insert_mid_by_pres_consignee:103]:[MainProcess:12684]:- <==  Row: ('MZ_2022040128300', '太子参', '8000596CY0', '15', 'g', '', '', '', '1g', '成都康美')
[2022-04-03 13:10:05,028] PrescriptionPushSyetem.uploadTimer:[INFO]:[views:insert_mid_by_pres_consignee:103]:[MainProcess:12684]:- <==  Row: ('MZ_2022040128300', '黄芪', '8000541CY0', '20', 'g', '', '', '', '1g', '成都康美')
[2022-04-03 13:10:05,028] PrescriptionPushSyetem.uploadTimer:[INFO]:[views:insert_mid_by_pres_consignee:103]:[MainProcess:12684]:- <==  Row: ('MZ_2022040128300', '当归', '8000532CY0', '15', 'g', '', '', '', '1g', '成都康美')
[2022-04-03 13:10:05,028] PrescriptionPushSyetem.uploadTimer:[INFO]:[views:insert_mid_by_pres_consignee:103]:[MainProcess:12684]:- <==  Row: ('MZ_2022040128300', '菊花', '8000518CY0', '10', 'g', '', '', '', '1g', '成都康美')
[2022-04-03 13:10:05,028] PrescriptionPushSyetem.uploadTimer:[INFO]:[views:insert_mid_by_pres_consignee:103]:[MainProcess:12684]:- <==  Row: ('MZ_2022040128300', '薏苡仁', '800589CY0', '15', 'g', '', '', '', '1g', '成都康美')
[2022-04-03 13:10:05,028] PrescriptionPushSyetem.uploadTimer:[INFO]:[views:insert_mid_by_pres_consignee:107]:[MainProcess:12684]:将要插入中间表的处方信息:{'pres_num': 'MZ_2022040128300', 'pres_time': '2022-04-01 15:57:46', 'treat_card': '05105629', 'reg_num': '05105629', 'user_name': '张伟莉', 'age': 65, 'gender': 0, 'tel': '13888157078', 'is_suffering': 1, 'amount': 3, 'type': 0, 'is_within': 0, 'suffering_num': 12, 'per_pack_num': 4, 'per_pack_dose': 200, 'ji_fried': 1, 'special_instru': '抑郁发作;', 'hos_depart': '精神医学/中西医结合', 'doctor': '杨俊伟', 'prescript_remark': '', 'medication_methods': '', 'medication_instruction': '', 'source': 0, 'province': '云南省', 'city': '昆明市', 'zone': '五华区', 'addr_detail': '红景路荷塘月色16栋二单元402', 'consignee': '张伟莉', 'con_tel': '13888157078', 'send_goods_time': '2022-04-03 18:00:00', 'is_hos_addr': 2}
[2022-04-03 13:10:05,034] PrescriptionPushSyetem.uploadTimer:[INFO]:[HosPrescriptionService:insert_mid_prescription:256]:[MainProcess:12684]:插入中间表==>处方表：
[2022-04-03 13:10:05,065] PrescriptionPushSyetem.uploadTimer:[INFO]:[HosPrescriptionService:insert_mid_prescription:278]:[MainProcess:12684]:处方成功插入中间表！{'status': 'success'}
[2022-04-03 13:10:05,065] PrescriptionPushSyetem.uploadTimer:[INFO]:[views:insert_mid_by_pres_consignee:109]:[MainProcess:12684]:将要插入中间表的处方详情:[{'pres_num': 'MZ_2022040128300', 'medicines': '酸枣仁', 'goods_num': '8000583CY0', 'dose': '20', 'unit': 'g', 'dose_that': '', 'remark': '', 'm_usage': '', 'goods_norms': '1g', 'goods_orgin': '成都康美'}, {'pres_num': 'MZ_2022040128300', 'medicines': '远志', 'goods_num': '8000538CY0', 'dose': '15', 'unit': 'g', 'dose_that': '', 'remark': '', 'm_usage': '', 'goods_norms': '1g', 'goods_orgin': '成都康美'}, {'pres_num': 'MZ_2022040128300', 'medicines': '熟地黄', 'goods_num': '8000698CY0', 'dose': '20', 'unit': 'g', 'dose_that': '', 'remark': '', 'm_usage': '', 'goods_norms': '1g', 'goods_orgin': '成都康美'}, {'pres_num': 'MZ_2022040128300', 'medicines': '麦冬', 'goods_num': '8000695CY0', 'dose': '10', 'unit': 'g', 'dose_that': '', 'remark': '', 'm_usage': '', 'goods_norms': '1g', 'goods_orgin': '成都康美'}, {'pres_num': 'MZ_2022040128300', 'medicines': '石斛', 'goods_num': '8000604CY0', 'dose': '15', 'unit': 'g', 'dose_that': '', 'remark': '', 'm_usage': '', 'goods_norms': '1g', 'goods_orgin': '成都康美'}, {'pres_num': 'MZ_2022040128300', 'medicines': '丹参', 'goods_num': '8000554CY0', 'dose': '15', 'unit': 'g', 'dose_that': '', 'remark': '', 'm_usage': '', 'goods_norms': '1g', 'goods_orgin': '成都康美'}, {'pres_num': 'MZ_2022040128300', 'medicines': '钩藤', 'goods_num': '8000625CY0', 'dose': '15', 'unit': 'g', 'dose_that': '', 'remark': '', 'm_usage': '', 'goods_norms': '1g', 'goods_orgin': '成都康美'}, {'pres_num': 'MZ_2022040128300', 'medicines': '龟板', 'goods_num': '8000617CY0', 'dose': '20', 'unit': 'g', 'dose_that': '', 'remark': '', 'm_usage': '', 'goods_norms': '1g', 'goods_orgin': '成都康美'}, {'pres_num': 'MZ_2022040128300', 'medicines': '煅磁石', 'goods_num': '8000802CY0', 'dose': '10', 'unit': 'g', 'dose_that': '', 'remark': '', 'm_usage': '', 'goods_norms': '1g', 'goods_orgin': '成都康美'}, {'pres_num': 'MZ_2022040128300', 'medicines': '牛膝', 'goods_num': '800596CY0', 'dose': '15', 'unit': 'g', 'dose_that': '', 'remark': '', 'm_usage': '', 'goods_norms': '1g', 'goods_orgin': '成都康美'}, {'pres_num': 'MZ_2022040128300', 'medicines': '首乌藤', 'goods_num': '8000582CY0', 'dose': '10', 'unit': 'g', 'dose_that': '', 'remark': '', 'm_usage': '', 'goods_norms': '1g', 'goods_orgin': '成都康美'}, {'pres_num': 'MZ_2022040128300', 'medicines': '天麻', 'goods_num': '80000575CY', 'dose': '10', 'unit': 'g', 'dose_that': '', 'remark': '', 'm_usage': '', 'goods_norms': '1g', 'goods_orgin': '成都康美'}, {'pres_num': 'MZ_2022040128300', 'medicines': '大枣', 'goods_num': '8000540CY0', 'dose': '10', 'unit': 'g', 'dose_that': '', 'remark': '', 'm_usage': '', 'goods_norms': '1g', 'goods_orgin': '成都康美'}, {'pres_num': 'MZ_2022040128300', 'medicines': '甘草', 'goods_num': '8000530CY0', 'dose': '6', 'unit': 'g', 'dose_that': '', 'remark': '', 'm_usage': '', 'goods_norms': '1g', 'goods_orgin': '成都康美'}, {'pres_num': 'MZ_2022040128300', 'medicines': '太子参', 'goods_num': '8000596CY0', 'dose': '15', 'unit': 'g', 'dose_that': '', 'remark': '', 'm_usage': '', 'goods_norms': '1g', 'goods_orgin': '成都康美'}, {'pres_num': 'MZ_2022040128300', 'medicines': '黄芪', 'goods_num': '8000541CY0', 'dose': '20', 'unit': 'g', 'dose_that': '', 'remark': '', 'm_usage': '', 'goods_norms': '1g', 'goods_orgin': '成都康美'}, {'pres_num': 'MZ_2022040128300', 'medicines': '当归', 'goods_num': '8000532CY0', 'dose': '15', 'unit': 'g', 'dose_that': '', 'remark': '', 'm_usage': '', 'goods_norms': '1g', 'goods_orgin': '成都康美'}, {'pres_num': 'MZ_2022040128300', 'medicines': '菊花', 'goods_num': '8000518CY0', 'dose': '10', 'unit': 'g', 'dose_that': '', 'remark': '', 'm_usage': '', 'goods_norms': '1g', 'goods_orgin': '成都康美'}, {'pres_num': 'MZ_2022040128300', 'medicines': '薏苡仁', 'goods_num': '800589CY0', 'dose': '15', 'unit': 'g', 'dose_that': '', 'remark': '', 'm_usage': '', 'goods_norms': '1g', 'goods_orgin': '成都康美'}]
[2022-04-03 13:10:05,070] PrescriptionPushSyetem.uploadTimer:[INFO]:[HosPrescriptionService:insert_mid_prescription_detail:292]:[MainProcess:12684]:插入中间表==>处方明细表：
[2022-04-03 13:10:05,133] PrescriptionPushSyetem.uploadTimer:[INFO]:[HosPrescriptionService:insert_mid_prescription_detail:306]:[MainProcess:12684]:处方详情成功插入中间处方明细表！{'status': 'success'}
[2022-04-03 13:10:05,136] PrescriptionPushSyetem.uploadTimer:[INFO]:[HosPrescriptionService:update_consignee_status:319]:[MainProcess:12684]:更新中间表写入状态：
[2022-04-03 13:10:05,156] PrescriptionPushSyetem.uploadTimer:[INFO]:[HosPrescriptionService:update_consignee_status:321]:[MainProcess:12684]:==> Parameters:影响行：1
[2022-04-03 13:10:05,159] PrescriptionPushSyetem.uploadTimer:[INFO]:[HosPrescriptionService:update_consignee_status:325]:[MainProcess:12684]:写入中间表状态更新成功！{'status': 'success'}
[2022-04-03 13:10:05,159] PrescriptionPushSyetem.uploadTimer:[INFO]:[views:upload_prescription_job:165]:[MainProcess:12684]:上传处方定时任务结束================================
[2022-04-03 13:10:37,450] PrescriptionPushSyetem.uploadTimer:[INFO]:[views:pres_upload:415]:[MainProcess:12684]:==> 保存联系人:
[2022-04-03 13:10:37,450] PrescriptionPushSyetem.uploadTimer:[INFO]:[views:pres_upload:416]:[MainProcess:12684]:==> custom_num:82713
[2022-04-03 13:10:37,450] PrescriptionPushSyetem.uploadTimer:[INFO]:[views:pres_upload:417]:[MainProcess:12684]:==> 地址信息:{'custom_num': '82713', 'consignee': '云南省精神病医院', 'con_tel': '0871-63543252', 'province': '云南省', 'city': '昆明市', 'zone': '盘龙区', 'addr_detail': '穿金路733号', 'is_hos_addr': '1'}
[2022-04-03 13:10:37,466] PrescriptionPushSyetem.uploadTimer:[INFO]:[views:pres_upload:426]:[MainProcess:12684]:{'status': 'success', 'message': '保存联系人成功！'}
[2022-04-03 13:10:52,172] PrescriptionPushSyetem.uploadTimer:[INFO]:[views:pres_upload:464]:[MainProcess:12684]:保存处方地址:
[2022-04-03 13:10:52,173] PrescriptionPushSyetem.uploadTimer:[INFO]:[views:pres_upload:465]:[MainProcess:12684]:==> 处方号:ZY_2022040228854
[2022-04-03 13:10:52,173] PrescriptionPushSyetem.uploadTimer:[INFO]:[views:pres_upload:466]:[MainProcess:12684]:==> 关联地址信息:{'pres_num': 'ZY_2022040228854', 'addr_id': '2', 'send_goods_time': '2022-04-04 12:00:00'}
[2022-04-03 13:10:52,194] PrescriptionPushSyetem.uploadTimer:[INFO]:[views:pres_upload:475]:[MainProcess:12684]:{'status': 'success', 'message': '处方地址关联成功！'}
[2022-04-03 13:11:04,920] PrescriptionPushSyetem.uploadTimer:[INFO]:[views:upload_prescription_job:138]:[MainProcess:12684]:上传处方定时任务开始================================
[2022-04-03 13:11:04,944] PrescriptionPushSyetem.uploadTimer:[INFO]:[HosPrescriptionService:get_pre_lists_by_statues:58]:[MainProcess:12684]:- ==> executing:SELECT `mid _prescriptions`.pres_num, `mid _prescriptions`.upload_status 
FROM `mid _prescriptions` 
WHERE `mid _prescriptions`.upload_status BETWEEN 0 AND 10000
[2022-04-03 13:11:04,968] PrescriptionPushSyetem.uploadTimer:[INFO]:[HosPrescriptionService:get_pre_lists_by_statues:60]:[MainProcess:12684]:- ==> Parameters:[('MZ_2022040128300', 0)]
[2022-04-03 13:11:04,968] PrescriptionPushSyetem.uploadTimer:[INFO]:[HosPrescriptionService:get_pre_lists_by_statues:61]:[MainProcess:12684]:- <==  Columns: pres_num , upload_status
[2022-04-03 13:11:04,973] PrescriptionPushSyetem.uploadTimer:[INFO]:[HosPrescriptionService:get_pre_lists_by_statues:63]:[MainProcess:12684]:- <==  Row: MZ_2022040128300 , 0
[2022-04-03 13:11:04,973] PrescriptionPushSyetem.uploadTimer:[INFO]:[HosPrescriptionService:upload_prescriptions:74]:[MainProcess:12684]:开始批量上传 1 个处方
[2022-04-03 13:11:04,980] PrescriptionPushSyetem.uploadTimer:[INFO]:[HosPrescriptionService:find_prescription_details:182]:[MainProcess:12684]:从中间表查询处方详情：
[2022-04-03 13:11:04,987] PrescriptionPushSyetem.uploadTimer:[INFO]:[HosPrescriptionService:find_prescription_details:186]:[MainProcess:12684]:- ==> executing:SELECT `mid _prescriptions`.pres_num, `mid _prescriptions`.pres_time, `mid _prescriptions`.treat_card, `mid _prescriptions`.reg_num, `mid _prescriptions`.province, `mid _prescriptions`.city, `mid _prescriptions`.zone, `mid _prescriptions`.addr_detail, `mid _prescriptions`.consignee, `mid _prescriptions`.con_tel, `mid _prescriptions`.send_goods_time, `mid _prescriptions`.user_name, `mid _prescriptions`.age, `mid _prescriptions`.gender, `mid _prescriptions`.tel, `mid _prescriptions`.is_suffering, `mid _prescriptions`.amount, `mid _prescriptions`.suffering_num, `mid _prescriptions`.ji_fried, `mid _prescriptions`.per_pack_num, `mid _prescriptions`.per_pack_dose, `mid _prescriptions`.type, `mid _prescriptions`.is_within, `mid _prescriptions`.other_pres_num, `mid _prescriptions`.special_instru, `mid _prescriptions`.bed_num, `mid _prescriptions`.hos_depart, `mid _prescriptions`.hospital_num, `mid _prescriptions`.disease_code, `mid _prescriptions`.doctor, `mid _prescriptions`.prescript_remark, `mid _prescriptions`.upload_status, `mid _prescriptions`.description, `mid _prescriptions`.upload_time, `mid _prescriptions`.order_id, `mid _prescriptions`.is_hos_addr, `mid _prescriptions`.medication_methods, `mid _prescriptions`.medication_instruction, `mid _prescriptions`.source 
FROM `mid _prescriptions` 
WHERE `mid _prescriptions`.pres_num = 'MZ_2022040128300'
[2022-04-03 13:11:05,018] PrescriptionPushSyetem.uploadTimer:[INFO]:[HosPrescriptionService:find_prescription_details:188]:[MainProcess:12684]:- ==> Parameters:<management.models.Prescription object at 0x000001A243C160F0>
[2022-04-03 13:11:05,023] PrescriptionPushSyetem.uploadTimer:[INFO]:[HosPrescriptionService:find_prescription_details:189]:[MainProcess:12684]:- <==  Columns: ('addr_detail', 'age', 'amount', 'bed_num', 'city', 'con_tel', 'consignee', 'disease_code', 'doctor', 'gender', 'hos_depart', 'hospital_num', 'is_hos_addr', 'is_suffering', 'is_within', 'ji_fried', 'keys', 'medication_instruction', 'medication_methods', 'metadata', 'order_id', 'other_pres_num', 'per_pack_dose', 'per_pack_num', 'pres_num', 'pres_time', 'prescript_remark', 'province', 'reg_num', 'send_goods_time', 'source', 'special_instru', 'suffering_num', 'tel', 'treat_card', 'type', 'upload_status', 'upload_time', 'user_name', 'zone')
[2022-04-03 13:11:05,023] PrescriptionPushSyetem.uploadTimer:[INFO]:[HosPrescriptionService:find_prescription_details:190]:[MainProcess:12684]:- <==  Row: {'pres_time': '2022-04-01 15:57:46', 'amount': 3, 'other_pres_num': 'MZ_2022040128300', 'upload_status': 0, 'con_tel': '13888157078', 'special_instru': '抑郁发作;', 'treat_card': '05105629', 'suffering_num': 12, 'description': None, 'send_goods_time': '2022-04-03 18:00:00', 'bed_num': None, 'reg_num': '05105629', 'ji_fried': 1, 'upload_time': None, 'user_name': '张伟莉', 'hos_depart': '精神医学/中西医结合', 'source': 0, 'province': '云南省', 'per_pack_num': 4, 'order_id': None, 'age': 65, 'hospital_num': None, 'city': '昆明市', 'per_pack_dose': 200, 'is_hos_addr': 2, 'gender': 0, 'disease_code': None, 'zone': '五华区', 'type': 0, 'medication_methods': '', 'tel': '13888157078', 'doctor': '杨俊伟', 'addr_detail': '红景路荷塘月色16栋二单元402', 'is_within': 0, 'medication_instruction': '', 'pres_num': 'MZ_2022040128300', 'is_suffering': 1, 'prescript_remark': '', 'consignee': '张伟莉'}
[2022-04-03 13:11:05,023] PrescriptionPushSyetem.uploadTimer:[INFO]:[HosPrescriptionService:find_prescription_details:191]:[MainProcess:12684]:从中间表查询处方药品详情：
[2022-04-03 13:11:05,029] PrescriptionPushSyetem.uploadTimer:[INFO]:[HosPrescriptionService:find_prescription_details:195]:[MainProcess:12684]:- ==> executing:SELECT mid_prescription_details.pres_detail_id, mid_prescription_details.pres_num, mid_prescription_details.goods_num, mid_prescription_details.medicines, mid_prescription_details.dose, mid_prescription_details.unit, mid_prescription_details.m_usage, mid_prescription_details.goods_norms, mid_prescription_details.goods_orgin, mid_prescription_details.remark, mid_prescription_details.dose_that, mid_prescription_details.unit_price, mid_prescription_details.`MedPerDos`, mid_prescription_details.`MedPerDay` 
FROM mid_prescription_details 
WHERE mid_prescription_details.pres_num = 'MZ_2022040128300'
[2022-04-03 13:11:05,041] PrescriptionPushSyetem.uploadTimer:[INFO]:[HosPrescriptionService:find_prescription_details:197]:[MainProcess:12684]:- ==> Parameters:[<management.models.PresDetails object at 0x000001A243BCCB00>, <management.models.PresDetails object at 0x000001A243BCCF60>, <management.models.PresDetails object at 0x000001A243BCC588>, <management.models.PresDetails object at 0x000001A243BCCE80>, <management.models.PresDetails object at 0x000001A243BCCD30>, <management.models.PresDetails object at 0x000001A243BCC908>, <management.models.PresDetails object at 0x000001A243BCCCF8>, <management.models.PresDetails object at 0x000001A243BCCFD0>, <management.models.PresDetails object at 0x000001A243BCCE48>, <management.models.PresDetails object at 0x000001A243BCCC50>, <management.models.PresDetails object at 0x000001A243BE9F98>, <management.models.PresDetails object at 0x000001A243BE9898>, <management.models.PresDetails object at 0x000001A243BE9860>, <management.models.PresDetails object at 0x000001A243BE9710>, <management.models.PresDetails object at 0x000001A243BE9630>, <management.models.PresDetails object at 0x000001A243D5AD30>, <management.models.PresDetails object at 0x000001A243D5AD68>, <management.models.PresDetails object at 0x000001A243CC5A58>, <management.models.PresDetails object at 0x000001A243CC5D68>]
[2022-04-03 13:11:05,041] PrescriptionPushSyetem.uploadTimer:[INFO]:[HosPrescriptionService:find_prescription_details:200]:[MainProcess:12684]:- <==  Columns: ('pres_num', 'goods_num', 'medicine', 'dose', 'unit', 'm_usage', 'goods_norms', 'goods_orgin', 'remark', 'dose_that', 'unit_price', 'MedPerDos', 'MedPerDay')
[2022-04-03 13:11:05,041] PrescriptionPushSyetem.uploadTimer:[INFO]:[HosPrescriptionService:find_prescription_details:201]:[MainProcess:12684]:- <==  Row: {'goods_norms': '1g', 'remark': '', 'unit_price': 0.0, 'MedPerDay': None, 'pres_detail_id': 1, 'goods_num': '8000583CY0', 'dose': '20', 'm_usage': '', 'goods_orgin': '成都康美', 'dose_that': '', 'MedPerDos': None, 'pres_num': 'MZ_2022040128300', 'medicines': '酸枣仁', 'unit': 'g'}
[2022-04-03 13:11:05,041] PrescriptionPushSyetem.uploadTimer:[INFO]:[HosPrescriptionService:find_prescription_details:203]:[MainProcess:12684]:- <==  Row: {'goods_norms': '1g', 'remark': '', 'unit_price': 0.0, 'MedPerDay': None, 'pres_detail_id': 2, 'goods_num': '8000538CY0', 'dose': '15', 'm_usage': '', 'goods_orgin': '成都康美', 'dose_that': '', 'MedPerDos': None, 'pres_num': 'MZ_2022040128300', 'medicines': '远志', 'unit': 'g'}
[2022-04-03 13:11:05,041] PrescriptionPushSyetem.uploadTimer:[INFO]:[HosPrescriptionService:find_prescription_details:203]:[MainProcess:12684]:- <==  Row: {'goods_norms': '1g', 'remark': '', 'unit_price': 0.0, 'MedPerDay': None, 'pres_detail_id': 3, 'goods_num': '8000698CY0', 'dose': '20', 'm_usage': '', 'goods_orgin': '成都康美', 'dose_that': '', 'MedPerDos': None, 'pres_num': 'MZ_2022040128300', 'medicines': '熟地黄', 'unit': 'g'}
[2022-04-03 13:11:05,041] PrescriptionPushSyetem.uploadTimer:[INFO]:[HosPrescriptionService:find_prescription_details:203]:[MainProcess:12684]:- <==  Row: {'goods_norms': '1g', 'remark': '', 'unit_price': 0.0, 'MedPerDay': None, 'pres_detail_id': 4, 'goods_num': '8000695CY0', 'dose': '10', 'm_usage': '', 'goods_orgin': '成都康美', 'dose_that': '', 'MedPerDos': None, 'pres_num': 'MZ_2022040128300', 'medicines': '麦冬', 'unit': 'g'}
[2022-04-03 13:11:05,041] PrescriptionPushSyetem.uploadTimer:[INFO]:[HosPrescriptionService:find_prescription_details:203]:[MainProcess:12684]:- <==  Row: {'goods_norms': '1g', 'remark': '', 'unit_price': 0.0, 'MedPerDay': None, 'pres_detail_id': 5, 'goods_num': '8000604CY0', 'dose': '15', 'm_usage': '', 'goods_orgin': '成都康美', 'dose_that': '', 'MedPerDos': None, 'pres_num': 'MZ_2022040128300', 'medicines': '石斛', 'unit': 'g'}
[2022-04-03 13:11:05,041] PrescriptionPushSyetem.uploadTimer:[INFO]:[HosPrescriptionService:find_prescription_details:203]:[MainProcess:12684]:- <==  Row: {'goods_norms': '1g', 'remark': '', 'unit_price': 0.0, 'MedPerDay': None, 'pres_detail_id': 6, 'goods_num': '8000554CY0', 'dose': '15', 'm_usage': '', 'goods_orgin': '成都康美', 'dose_that': '', 'MedPerDos': None, 'pres_num': 'MZ_2022040128300', 'medicines': '丹参', 'unit': 'g'}
[2022-04-03 13:11:05,041] PrescriptionPushSyetem.uploadTimer:[INFO]:[HosPrescriptionService:find_prescription_details:203]:[MainProcess:12684]:- <==  Row: {'goods_norms': '1g', 'remark': '', 'unit_price': 0.0, 'MedPerDay': None, 'pres_detail_id': 7, 'goods_num': '8000625CY0', 'dose': '15', 'm_usage': '', 'goods_orgin': '成都康美', 'dose_that': '', 'MedPerDos': None, 'pres_num': 'MZ_2022040128300', 'medicines': '钩藤', 'unit': 'g'}
[2022-04-03 13:11:05,041] PrescriptionPushSyetem.uploadTimer:[INFO]:[HosPrescriptionService:find_prescription_details:203]:[MainProcess:12684]:- <==  Row: {'goods_norms': '1g', 'remark': '', 'unit_price': 0.0, 'MedPerDay': None, 'pres_detail_id': 8, 'goods_num': '8000617CY0', 'dose': '20', 'm_usage': '', 'goods_orgin': '成都康美', 'dose_that': '', 'MedPerDos': None, 'pres_num': 'MZ_2022040128300', 'medicines': '龟板', 'unit': 'g'}
[2022-04-03 13:11:05,046] PrescriptionPushSyetem.uploadTimer:[INFO]:[HosPrescriptionService:find_prescription_details:203]:[MainProcess:12684]:- <==  Row: {'goods_norms': '1g', 'remark': '', 'unit_price': 0.0, 'MedPerDay': None, 'pres_detail_id': 9, 'goods_num': '8000802CY0', 'dose': '10', 'm_usage': '', 'goods_orgin': '成都康美', 'dose_that': '', 'MedPerDos': None, 'pres_num': 'MZ_2022040128300', 'medicines': '煅磁石', 'unit': 'g'}
[2022-04-03 13:11:05,046] PrescriptionPushSyetem.uploadTimer:[INFO]:[HosPrescriptionService:find_prescription_details:203]:[MainProcess:12684]:- <==  Row: {'goods_norms': '1g', 'remark': '', 'unit_price': 0.0, 'MedPerDay': None, 'pres_detail_id': 10, 'goods_num': '800596CY0', 'dose': '15', 'm_usage': '', 'goods_orgin': '成都康美', 'dose_that': '', 'MedPerDos': None, 'pres_num': 'MZ_2022040128300', 'medicines': '牛膝', 'unit': 'g'}
[2022-04-03 13:11:05,046] PrescriptionPushSyetem.uploadTimer:[INFO]:[HosPrescriptionService:find_prescription_details:203]:[MainProcess:12684]:- <==  Row: {'goods_norms': '1g', 'remark': '', 'unit_price': 0.0, 'MedPerDay': None, 'pres_detail_id': 11, 'goods_num': '8000582CY0', 'dose': '10', 'm_usage': '', 'goods_orgin': '成都康美', 'dose_that': '', 'MedPerDos': None, 'pres_num': 'MZ_2022040128300', 'medicines': '首乌藤', 'unit': 'g'}
[2022-04-03 13:11:05,046] PrescriptionPushSyetem.uploadTimer:[INFO]:[HosPrescriptionService:find_prescription_details:203]:[MainProcess:12684]:- <==  Row: {'goods_norms': '1g', 'remark': '', 'unit_price': 0.0, 'MedPerDay': None, 'pres_detail_id': 12, 'goods_num': '80000575CY', 'dose': '10', 'm_usage': '', 'goods_orgin': '成都康美', 'dose_that': '', 'MedPerDos': None, 'pres_num': 'MZ_2022040128300', 'medicines': '天麻', 'unit': 'g'}
[2022-04-03 13:11:05,046] PrescriptionPushSyetem.uploadTimer:[INFO]:[HosPrescriptionService:find_prescription_details:203]:[MainProcess:12684]:- <==  Row: {'goods_norms': '1g', 'remark': '', 'unit_price': 0.0, 'MedPerDay': None, 'pres_detail_id': 13, 'goods_num': '8000540CY0', 'dose': '10', 'm_usage': '', 'goods_orgin': '成都康美', 'dose_that': '', 'MedPerDos': None, 'pres_num': 'MZ_2022040128300', 'medicines': '大枣', 'unit': 'g'}
[2022-04-03 13:11:05,046] PrescriptionPushSyetem.uploadTimer:[INFO]:[HosPrescriptionService:find_prescription_details:203]:[MainProcess:12684]:- <==  Row: {'goods_norms': '1g', 'remark': '', 'unit_price': 0.0, 'MedPerDay': None, 'pres_detail_id': 14, 'goods_num': '8000530CY0', 'dose': '6', 'm_usage': '', 'goods_orgin': '成都康美', 'dose_that': '', 'MedPerDos': None, 'pres_num': 'MZ_2022040128300', 'medicines': '甘草', 'unit': 'g'}
[2022-04-03 13:11:05,046] PrescriptionPushSyetem.uploadTimer:[INFO]:[HosPrescriptionService:find_prescription_details:203]:[MainProcess:12684]:- <==  Row: {'goods_norms': '1g', 'remark': '', 'unit_price': 0.0, 'MedPerDay': None, 'pres_detail_id': 15, 'goods_num': '8000596CY0', 'dose': '15', 'm_usage': '', 'goods_orgin': '成都康美', 'dose_that': '', 'MedPerDos': None, 'pres_num': 'MZ_2022040128300', 'medicines': '太子参', 'unit': 'g'}
[2022-04-03 13:11:05,046] PrescriptionPushSyetem.uploadTimer:[INFO]:[HosPrescriptionService:find_prescription_details:203]:[MainProcess:12684]:- <==  Row: {'goods_norms': '1g', 'remark': '', 'unit_price': 0.0, 'MedPerDay': None, 'pres_detail_id': 16, 'goods_num': '8000541CY0', 'dose': '20', 'm_usage': '', 'goods_orgin': '成都康美', 'dose_that': '', 'MedPerDos': None, 'pres_num': 'MZ_2022040128300', 'medicines': '黄芪', 'unit': 'g'}
[2022-04-03 13:11:05,046] PrescriptionPushSyetem.uploadTimer:[INFO]:[HosPrescriptionService:find_prescription_details:203]:[MainProcess:12684]:- <==  Row: {'goods_norms': '1g', 'remark': '', 'unit_price': 0.0, 'MedPerDay': None, 'pres_detail_id': 17, 'goods_num': '8000532CY0', 'dose': '15', 'm_usage': '', 'goods_orgin': '成都康美', 'dose_that': '', 'MedPerDos': None, 'pres_num': 'MZ_2022040128300', 'medicines': '当归', 'unit': 'g'}
[2022-04-03 13:11:05,046] PrescriptionPushSyetem.uploadTimer:[INFO]:[HosPrescriptionService:find_prescription_details:203]:[MainProcess:12684]:- <==  Row: {'goods_norms': '1g', 'remark': '', 'unit_price': 0.0, 'MedPerDay': None, 'pres_detail_id': 18, 'goods_num': '8000518CY0', 'dose': '10', 'm_usage': '', 'goods_orgin': '成都康美', 'dose_that': '', 'MedPerDos': None, 'pres_num': 'MZ_2022040128300', 'medicines': '菊花', 'unit': 'g'}
[2022-04-03 13:11:05,046] PrescriptionPushSyetem.uploadTimer:[INFO]:[HosPrescriptionService:find_prescription_details:203]:[MainProcess:12684]:- <==  Row: {'goods_norms': '1g', 'remark': '', 'unit_price': 0.0, 'MedPerDay': None, 'pres_detail_id': 19, 'goods_num': '800589CY0', 'dose': '15', 'm_usage': '', 'goods_orgin': '成都康美', 'dose_that': '', 'MedPerDos': None, 'pres_num': 'MZ_2022040128300', 'medicines': '薏苡仁', 'unit': 'g'}
[2022-04-03 13:11:05,052] PrescriptionPushSyetem.uploadTimer:[INFO]:[HosPrescriptionService:upload_prescriptions:78]:[MainProcess:12684]:调用康美接口saveOrderInfoToCharacterSet Begin, 请求url：http://www.kmzhyf.cn:8085/zyf/ws/IOrderWSDL?wsdl, 请求体：<?xml version="1.0" encoding="UTF-8"?><orderInfo><head><company_num>10495</company_num><key>1648962664973</key><sign>6FADEB31298051420670E59CA55CE952</sign></head><data><order_time>2022-04-01 15:57:46</order_time><treat_card>05105629</treat_card><reg_num>05105629</reg_num><addr_str>云南省,昆明市,五华区,红景路荷塘月色16栋二单元402</addr_str><consignee>张伟莉</consignee><con_tel>13888157078</con_tel><send_goods_time>2022-04-03 18:00:00</send_goods_time><is_hos_addr>2</is_hos_addr><prescript><pdetail><user_name>张伟莉</user_name><doctor>杨俊伟</doctor><age>65</age><gender>0</gender><tel>13888157078</tel><is_suffering>1</is_suffering><amount>3</amount><suffering_num>12</suffering_num><ji_fried>1</ji_fried><per_pack_num>4</per_pack_num><per_pack_dose>200</per_pack_dose><type>0</type><other_pres_num>MZ_2022040128300</other_pres_num><special_instru>抑郁发作;</special_instru><is_within>0</is_within><bed_num></bed_num><hos_depart>精神医学/中西医结合</hos_depart><hospital_num></hospital_num><disease_code></disease_code><prescript_remark></prescript_remark><medication_methods></medication_methods><medication_instruction></medication_instruction><is_hos>1</is_hos><medici_xq><xq><medicines>酸枣仁</medicines><dose>20</dose><unit>g</unit><goods_num>8000583CY0</goods_num><dose_that></dose_that><remark></remark><m_usage></m_usage><goods_norms>1g</goods_norms><goods_orgin>成都康美</goods_orgin></xq><xq><medicines>远志</medicines><dose>15</dose><unit>g</unit><goods_num>8000538CY0</goods_num><dose_that></dose_that><remark></remark><m_usage></m_usage><goods_norms>1g</goods_norms><goods_orgin>成都康美</goods_orgin></xq><xq><medicines>熟地黄</medicines><dose>20</dose><unit>g</unit><goods_num>8000698CY0</goods_num><dose_that></dose_that><remark></remark><m_usage></m_usage><goods_norms>1g</goods_norms><goods_orgin>成都康美</goods_orgin></xq><xq><medicines>麦冬</medicines><dose>10</dose><unit>g</unit><goods_num>8000695CY0</goods_num><dose_that></dose_that><remark></remark><m_usage></m_usage><goods_norms>1g</goods_norms><goods_orgin>成都康美</goods_orgin></xq><xq><medicines>石斛</medicines><dose>15</dose><unit>g</unit><goods_num>8000604CY0</goods_num><dose_that></dose_that><remark></remark><m_usage></m_usage><goods_norms>1g</goods_norms><goods_orgin>成都康美</goods_orgin></xq><xq><medicines>丹参</medicines><dose>15</dose><unit>g</unit><goods_num>8000554CY0</goods_num><dose_that></dose_that><remark></remark><m_usage></m_usage><goods_norms>1g</goods_norms><goods_orgin>成都康美</goods_orgin></xq><xq><medicines>钩藤</medicines><dose>15</dose><unit>g</unit><goods_num>8000625CY0</goods_num><dose_that></dose_that><remark></remark><m_usage></m_usage><goods_norms>1g</goods_norms><goods_orgin>成都康美</goods_orgin></xq><xq><medicines>龟板</medicines><dose>20</dose><unit>g</unit><goods_num>8000617CY0</goods_num><dose_that></dose_that><remark></remark><m_usage></m_usage><goods_norms>1g</goods_norms><goods_orgin>成都康美</goods_orgin></xq><xq><medicines>煅磁石</medicines><dose>10</dose><unit>g</unit><goods_num>8000802CY0</goods_num><dose_that></dose_that><remark></remark><m_usage></m_usage><goods_norms>1g</goods_norms><goods_orgin>成都康美</goods_orgin></xq><xq><medicines>牛膝</medicines><dose>15</dose><unit>g</unit><goods_num>800596CY0</goods_num><dose_that></dose_that><remark></remark><m_usage></m_usage><goods_norms>1g</goods_norms><goods_orgin>成都康美</goods_orgin></xq><xq><medicines>首乌藤</medicines><dose>10</dose><unit>g</unit><goods_num>8000582CY0</goods_num><dose_that></dose_that><remark></remark><m_usage></m_usage><goods_norms>1g</goods_norms><goods_orgin>成都康美</goods_orgin></xq><xq><medicines>天麻</medicines><dose>10</dose><unit>g</unit><goods_num>80000575CY</goods_num><dose_that></dose_that><remark></remark><m_usage></m_usage><goods_norms>1g</goods_norms><goods_orgin>成都康美</goods_orgin></xq><xq><medicines>大枣</medicines><dose>10</dose><unit>g</unit><goods_num>8000540CY0</goods_num><dose_that></dose_that><remark></remark><m_usage></m_usage><goods_norms>1g</goods_norms><goods_orgin>成都康美</goods_orgin></xq><xq><medicines>甘草</medicines><dose>6</dose><unit>g</unit><goods_num>8000530CY0</goods_num><dose_that></dose_that><remark></remark><m_usage></m_usage><goods_norms>1g</goods_norms><goods_orgin>成都康美</goods_orgin></xq><xq><medicines>太子参</medicines><dose>15</dose><unit>g</unit><goods_num>8000596CY0</goods_num><dose_that></dose_that><remark></remark><m_usage></m_usage><goods_norms>1g</goods_norms><goods_orgin>成都康美</goods_orgin></xq><xq><medicines>黄芪</medicines><dose>20</dose><unit>g</unit><goods_num>8000541CY0</goods_num><dose_that></dose_that><remark></remark><m_usage></m_usage><goods_norms>1g</goods_norms><goods_orgin>成都康美</goods_orgin></xq><xq><medicines>当归</medicines><dose>15</dose><unit>g</unit><goods_num>8000532CY0</goods_num><dose_that></dose_that><remark></remark><m_usage></m_usage><goods_norms>1g</goods_norms><goods_orgin>成都康美</goods_orgin></xq><xq><medicines>菊花</medicines><dose>10</dose><unit>g</unit><goods_num>8000518CY0</goods_num><dose_that></dose_that><remark></remark><m_usage></m_usage><goods_norms>1g</goods_norms><goods_orgin>成都康美</goods_orgin></xq><xq><medicines>薏苡仁</medicines><dose>15</dose><unit>g</unit><goods_num>800589CY0</goods_num><dose_that></dose_that><remark></remark><m_usage></m_usage><goods_norms>1g</goods_norms><goods_orgin>成都康美</goods_orgin></xq></medici_xq></pdetail></prescript></data></orderInfo>
[2022-04-03 13:11:05,970] PrescriptionPushSyetem.uploadTimer:[INFO]:[HosPrescriptionService:upload_prescriptions:85]:[MainProcess:12684]:调用康美接口saveOrderInfoToCharacterSet End, 接口返回：<?xml version="1.0" encoding="UTF-8"?><result><resultCode>22</resultCode><orderInfo><IsSuccess>false</IsSuccess><reg_num>05105629</reg_num><prescriptionIds>[TD22040200001-1]</prescriptionIds><orderid>TD22040200001</orderid><message>重复提交处方:[MZ_2022040128300]</message></orderInfo><description>重复提交</description><state>fail</state></result>
[2022-04-03 13:11:05,971] PrescriptionPushSyetem.uploadTimer:[INFO]:[HosPrescriptionService:upload_prescriptions:90]:[MainProcess:12684]:处方上传成功！处方号：MZ_2022040128300 -- 对应订单号：TD22040200001
[2022-04-03 13:11:05,993] PrescriptionPushSyetem.uploadTimer:[INFO]:[HosPrescriptionService:update_prescription_statues:245]:[MainProcess:12684]:处方号：MZ_2022040128300 上传状态更新成功！
[2022-04-03 13:11:05,993] PrescriptionPushSyetem.uploadTimer:[INFO]:[views:insert_mid_by_pres_consignee:23]:[MainProcess:12684]:查询处方地址关联表:
[2022-04-03 13:11:05,997] PrescriptionPushSyetem.uploadTimer:[INFO]:[HosPrescriptionService:find_un_write_pres_consignee:35]:[MainProcess:12684]:- ==> executing:SELECT pres_consignee.pres_num, pres_consignee.addr_id, custom_addr.province, custom_addr.city, custom_addr.zone, custom_addr.addr_detail, custom_addr.consignee, custom_addr.con_tel, pres_consignee.send_goods_time, custom_addr.is_hos_addr, pres_consignee.is_write_mid 
FROM pres_consignee, custom_addr 
WHERE pres_consignee.addr_id = custom_addr.addr_id AND pres_consignee.is_write_mid = 0
[2022-04-03 13:11:06,005] PrescriptionPushSyetem.uploadTimer:[INFO]:[HosPrescriptionService:find_un_write_pres_consignee:37]:[MainProcess:12684]:- ==> Parameters:
[2022-04-03 13:11:06,005] PrescriptionPushSyetem.uploadTimer:[INFO]:[HosPrescriptionService:find_un_write_pres_consignee:38]:[MainProcess:12684]:- <==  Columns: pres_num , addr_id , province , city , zone , addr_detail , consignee , con_tel , send_goods_time , is_hos_addr , is_write_mid
[2022-04-03 13:11:06,005] PrescriptionPushSyetem.uploadTimer:[INFO]:[HosPrescriptionService:find_un_write_pres_consignee:41]:[MainProcess:12684]:- <==  Row: ('ZY_2022040228854', 2, '云南省', '昆明市', '盘龙区', '穿金路733号', '云南省精神病医院', '0871-63543252', '2022-04-04 12:00:00', 1, 0)
[2022-04-03 13:11:06,007] PrescriptionPushSyetem.uploadTimer:[INFO]:[views:insert_mid_by_pres_consignee:88]:[MainProcess:12684]:- ==> executing:SELECT zy_hosp_prescriptions_view.pres_num, zy_hosp_prescriptions_view.pres_time, zy_hosp_prescriptions_view.treat_card, zy_hosp_prescriptions_view.reg_num, zy_hosp_prescriptions_view.username AS user_name, zy_hosp_prescriptions_view.age, zy_hosp_prescriptions_view.gender, zy_hosp_prescriptions_view.tel, zy_hosp_prescriptions_view.is_suffering, zy_hosp_prescriptions_view.amount, zy_hosp_prescriptions_view.type, zy_hosp_prescriptions_view.is_within, zy_hosp_prescriptions_view.is_suffering * zy_hosp_prescriptions_view.amount * zy_hosp_prescriptions_view.per_pack_num AS suffering_num, zy_hosp_prescriptions_view.per_pack_num, zy_hosp_prescriptions_view.per_pack_dose, zy_hosp_prescriptions_view.ji_fried, zy_hosp_prescriptions_view.special_instru, zy_hosp_prescriptions_view.hos_depart, zy_hosp_prescriptions_view.bed_num, zy_hosp_prescriptions_view.hospital_num, zy_hosp_prescriptions_view.disease_code, zy_hosp_prescriptions_view.doctor, zy_hosp_prescriptions_view.remark AS prescript_remark, zy_hosp_prescriptions_view.medication_methods, zy_hosp_prescriptions_view.medication_instruction, 1 AS source 
FROM zy_hosp_prescriptions_view 
WHERE zy_hosp_prescriptions_view.pres_num = 'ZY_2022040228854'
[2022-04-03 13:11:06,021] PrescriptionPushSyetem.uploadTimer:[INFO]:[views:insert_mid_by_pres_consignee:90]:[MainProcess:12684]:- ==> Parameters:
[2022-04-03 13:11:06,021] PrescriptionPushSyetem.uploadTimer:[INFO]:[views:insert_mid_by_pres_consignee:91]:[MainProcess:12684]:- <==  Columns: pres_num , pres_time , treat_card , reg_num , user_name , age , gender , tel , is_suffering , amount , type , is_within , suffering_num , per_pack_num , per_pack_dose , ji_fried , special_instru , hos_depart , bed_num , hospital_num , disease_code , doctor , prescript_remark , medication_methods , medication_instruction , source
[2022-04-03 13:11:06,021] PrescriptionPushSyetem.uploadTimer:[INFO]:[views:insert_mid_by_pres_consignee:92]:[MainProcess:12684]:- <==  Row: ('ZY_2022040228854', '2022-04-02 09:28:31', '82713', '82713', '李敏', 40, 1, '0871-65619257', 1, 2, 0, 0, 10, 5, 200, 1, '精神分裂症;', '中西医结合科病区', '73', '82713', '3401', '何丽', '安神养心2(八珍+益 ', '', '', 1)
[2022-04-03 13:11:06,031] PrescriptionPushSyetem.uploadTimer:[INFO]:[views:insert_mid_by_pres_consignee:98]:[MainProcess:12684]:- ==> executing:SELECT zy_details_view.pres_num, zy_details_view.medicines, zy_details_view.goods_num, zy_details_view.dose, zy_details_view.unit, zy_details_view.dose_that, zy_details_view.remark, zy_details_view.m_usage, zy_details_view.goods_norms, zy_details_view.goods_orgin 
FROM zy_details_view 
WHERE zy_details_view.pres_num = 'ZY_2022040228854'
[2022-04-03 13:11:06,031] PrescriptionPushSyetem.uploadTimer:[INFO]:[views:insert_mid_by_pres_consignee:99]:[MainProcess:12684]:- ==> Parameters:
[2022-04-03 13:11:06,031] PrescriptionPushSyetem.uploadTimer:[INFO]:[views:insert_mid_by_pres_consignee:100]:[MainProcess:12684]:- <==  Columns: pres_num , medicines , goods_num , dose , unit , dose_that , remark , m_usage , goods_norms , goods_orgin
[2022-04-03 13:11:06,031] PrescriptionPushSyetem.uploadTimer:[INFO]:[views:insert_mid_by_pres_consignee:103]:[MainProcess:12684]:- <==  Row: ('ZY_2022040228854', '熟地黄', '8000698CY0', '15', 'g', '', '', '', '1g', '成都康美')
[2022-04-03 13:11:06,031] PrescriptionPushSyetem.uploadTimer:[INFO]:[views:insert_mid_by_pres_consignee:103]:[MainProcess:12684]:- <==  Row: ('ZY_2022040228854', '益智仁', '8000570CYO', '10', 'g', '', '', '', '1g', '成都康美')
[2022-04-03 13:11:06,031] PrescriptionPushSyetem.uploadTimer:[INFO]:[views:insert_mid_by_pres_consignee:103]:[MainProcess:12684]:- <==  Row: ('ZY_2022040228854', '丹参', '8000554CY0', '10', 'g', '', '', '', '1g', '成都康美')
[2022-04-03 13:11:06,031] PrescriptionPushSyetem.uploadTimer:[INFO]:[views:insert_mid_by_pres_consignee:103]:[MainProcess:12684]:- <==  Row: ('ZY_2022040228854', '甘草', '8000530CY0', '10', 'g', '', '', '', '1g', '成都康美')
[2022-04-03 13:11:06,031] PrescriptionPushSyetem.uploadTimer:[INFO]:[views:insert_mid_by_pres_consignee:103]:[MainProcess:12684]:- <==  Row: ('ZY_2022040228854', '黄芪', '8000541CY0', '15', 'g', '', '', '', '1g', '成都康美')
[2022-04-03 13:11:06,031] PrescriptionPushSyetem.uploadTimer:[INFO]:[views:insert_mid_by_pres_consignee:103]:[MainProcess:12684]:- <==  Row: ('ZY_2022040228854', '川芎', '8000559CY0', '15', 'g', '', '', '', '1g', '成都康美')
[2022-04-03 13:11:06,031] PrescriptionPushSyetem.uploadTimer:[INFO]:[views:insert_mid_by_pres_consignee:103]:[MainProcess:12684]:- <==  Row: ('ZY_2022040228854', '党参', '8000531CY0', '15', 'g', '', '', '', '1g', '成都康美')
[2022-04-03 13:11:06,031] PrescriptionPushSyetem.uploadTimer:[INFO]:[views:insert_mid_by_pres_consignee:103]:[MainProcess:12684]:- <==  Row: ('ZY_2022040228854', '白芍', '8000542CY0', '15', 'g', '', '', '', '1g', '成都康美')
[2022-04-03 13:11:06,031] PrescriptionPushSyetem.uploadTimer:[INFO]:[views:insert_mid_by_pres_consignee:103]:[MainProcess:12684]:- <==  Row: ('ZY_2022040228854', '白术', '8000529CY0', '15', 'g', '', '', '', '1g', '成都康美')
[2022-04-03 13:11:06,031] PrescriptionPushSyetem.uploadTimer:[INFO]:[views:insert_mid_by_pres_consignee:103]:[MainProcess:12684]:- <==  Row: ('ZY_2022040228854', '石菖蒲', '8000528CY0', '10', 'g', '', '', '', '1g', '成都康美')
[2022-04-03 13:11:06,031] PrescriptionPushSyetem.uploadTimer:[INFO]:[views:insert_mid_by_pres_consignee:103]:[MainProcess:12684]:- <==  Row: ('ZY_2022040228854', '香附', '800599CY0', '10', 'g', '', '', '', '1g', '成都康美')
[2022-04-03 13:11:06,031] PrescriptionPushSyetem.uploadTimer:[INFO]:[views:insert_mid_by_pres_consignee:103]:[MainProcess:12684]:- <==  Row: ('ZY_2022040228854', '茯苓', '8000547CY0', '15', 'g', '', '', '', '1g', '成都康美')
[2022-04-03 13:11:06,031] PrescriptionPushSyetem.uploadTimer:[INFO]:[views:insert_mid_by_pres_consignee:103]:[MainProcess:12684]:- <==  Row: ('ZY_2022040228854', '当归', '8000532CY0', '15', 'g', '', '', '', '1g', '成都康美')
[2022-04-03 13:11:06,031] PrescriptionPushSyetem.uploadTimer:[INFO]:[views:insert_mid_by_pres_consignee:107]:[MainProcess:12684]:将要插入中间表的处方信息:{'pres_num': 'ZY_2022040228854', 'pres_time': '2022-04-02 09:28:31', 'treat_card': '82713', 'reg_num': '82713', 'user_name': '李敏', 'age': 40, 'gender': 1, 'tel': '0871-65619257', 'is_suffering': 1, 'amount': 2, 'type': 0, 'is_within': 0, 'suffering_num': 10, 'per_pack_num': 5, 'per_pack_dose': 200, 'ji_fried': 1, 'special_instru': '精神分裂症;', 'hos_depart': '中西医结合科病区', 'bed_num': '73', 'hospital_num': '82713', 'disease_code': '3401', 'doctor': '何丽', 'prescript_remark': '安神养心2(八珍+益 ', 'medication_methods': '', 'medication_instruction': '', 'source': 1, 'province': '云南省', 'city': '昆明市', 'zone': '盘龙区', 'addr_detail': '穿金路733号', 'consignee': '云南省精神病医院', 'con_tel': '0871-63543252', 'send_goods_time': '2022-04-04 12:00:00', 'is_hos_addr': 1}
[2022-04-03 13:11:06,031] PrescriptionPushSyetem.uploadTimer:[INFO]:[HosPrescriptionService:insert_mid_prescription:256]:[MainProcess:12684]:插入中间表==>处方表：
[2022-04-03 13:11:06,054] PrescriptionPushSyetem.uploadTimer:[INFO]:[HosPrescriptionService:insert_mid_prescription:278]:[MainProcess:12684]:处方成功插入中间表！{'status': 'success'}
[2022-04-03 13:11:06,054] PrescriptionPushSyetem.uploadTimer:[INFO]:[views:insert_mid_by_pres_consignee:109]:[MainProcess:12684]:将要插入中间表的处方详情:[{'pres_num': 'ZY_2022040228854', 'medicines': '熟地黄', 'goods_num': '8000698CY0', 'dose': '15', 'unit': 'g', 'dose_that': '', 'remark': '', 'm_usage': '', 'goods_norms': '1g', 'goods_orgin': '成都康美'}, {'pres_num': 'ZY_2022040228854', 'medicines': '益智仁', 'goods_num': '8000570CYO', 'dose': '10', 'unit': 'g', 'dose_that': '', 'remark': '', 'm_usage': '', 'goods_norms': '1g', 'goods_orgin': '成都康美'}, {'pres_num': 'ZY_2022040228854', 'medicines': '丹参', 'goods_num': '8000554CY0', 'dose': '10', 'unit': 'g', 'dose_that': '', 'remark': '', 'm_usage': '', 'goods_norms': '1g', 'goods_orgin': '成都康美'}, {'pres_num': 'ZY_2022040228854', 'medicines': '甘草', 'goods_num': '8000530CY0', 'dose': '10', 'unit': 'g', 'dose_that': '', 'remark': '', 'm_usage': '', 'goods_norms': '1g', 'goods_orgin': '成都康美'}, {'pres_num': 'ZY_2022040228854', 'medicines': '黄芪', 'goods_num': '8000541CY0', 'dose': '15', 'unit': 'g', 'dose_that': '', 'remark': '', 'm_usage': '', 'goods_norms': '1g', 'goods_orgin': '成都康美'}, {'pres_num': 'ZY_2022040228854', 'medicines': '川芎', 'goods_num': '8000559CY0', 'dose': '15', 'unit': 'g', 'dose_that': '', 'remark': '', 'm_usage': '', 'goods_norms': '1g', 'goods_orgin': '成都康美'}, {'pres_num': 'ZY_2022040228854', 'medicines': '党参', 'goods_num': '8000531CY0', 'dose': '15', 'unit': 'g', 'dose_that': '', 'remark': '', 'm_usage': '', 'goods_norms': '1g', 'goods_orgin': '成都康美'}, {'pres_num': 'ZY_2022040228854', 'medicines': '白芍', 'goods_num': '8000542CY0', 'dose': '15', 'unit': 'g', 'dose_that': '', 'remark': '', 'm_usage': '', 'goods_norms': '1g', 'goods_orgin': '成都康美'}, {'pres_num': 'ZY_2022040228854', 'medicines': '白术', 'goods_num': '8000529CY0', 'dose': '15', 'unit': 'g', 'dose_that': '', 'remark': '', 'm_usage': '', 'goods_norms': '1g', 'goods_orgin': '成都康美'}, {'pres_num': 'ZY_2022040228854', 'medicines': '石菖蒲', 'goods_num': '8000528CY0', 'dose': '10', 'unit': 'g', 'dose_that': '', 'remark': '', 'm_usage': '', 'goods_norms': '1g', 'goods_orgin': '成都康美'}, {'pres_num': 'ZY_2022040228854', 'medicines': '香附', 'goods_num': '800599CY0', 'dose': '10', 'unit': 'g', 'dose_that': '', 'remark': '', 'm_usage': '', 'goods_norms': '1g', 'goods_orgin': '成都康美'}, {'pres_num': 'ZY_2022040228854', 'medicines': '茯苓', 'goods_num': '8000547CY0', 'dose': '15', 'unit': 'g', 'dose_that': '', 'remark': '', 'm_usage': '', 'goods_norms': '1g', 'goods_orgin': '成都康美'}, {'pres_num': 'ZY_2022040228854', 'medicines': '当归', 'goods_num': '8000532CY0', 'dose': '15', 'unit': 'g', 'dose_that': '', 'remark': '', 'm_usage': '', 'goods_norms': '1g', 'goods_orgin': '成都康美'}]
[2022-04-03 13:11:06,054] PrescriptionPushSyetem.uploadTimer:[INFO]:[HosPrescriptionService:insert_mid_prescription_detail:292]:[MainProcess:12684]:插入中间表==>处方明细表：
[2022-04-03 13:11:06,080] PrescriptionPushSyetem.uploadTimer:[INFO]:[HosPrescriptionService:insert_mid_prescription_detail:306]:[MainProcess:12684]:处方详情成功插入中间处方明细表！{'status': 'success'}
[2022-04-03 13:11:06,082] PrescriptionPushSyetem.uploadTimer:[INFO]:[HosPrescriptionService:update_consignee_status:319]:[MainProcess:12684]:更新中间表写入状态：
[2022-04-03 13:11:06,090] PrescriptionPushSyetem.uploadTimer:[INFO]:[HosPrescriptionService:update_consignee_status:321]:[MainProcess:12684]:==> Parameters:影响行：1
[2022-04-03 13:11:06,091] PrescriptionPushSyetem.uploadTimer:[INFO]:[HosPrescriptionService:update_consignee_status:325]:[MainProcess:12684]:写入中间表状态更新成功！{'status': 'success'}
[2022-04-03 13:11:06,091] PrescriptionPushSyetem.uploadTimer:[INFO]:[views:upload_prescription_job:165]:[MainProcess:12684]:上传处方定时任务结束================================
[2022-04-03 13:12:04,915] PrescriptionPushSyetem.uploadTimer:[INFO]:[views:upload_prescription_job:138]:[MainProcess:12684]:上传处方定时任务开始================================
[2022-04-03 13:12:04,920] PrescriptionPushSyetem.uploadTimer:[INFO]:[HosPrescriptionService:get_pre_lists_by_statues:58]:[MainProcess:12684]:- ==> executing:SELECT `mid _prescriptions`.pres_num, `mid _prescriptions`.upload_status 
FROM `mid _prescriptions` 
WHERE `mid _prescriptions`.upload_status BETWEEN 0 AND 10000
[2022-04-03 13:12:04,937] PrescriptionPushSyetem.uploadTimer:[INFO]:[HosPrescriptionService:get_pre_lists_by_statues:60]:[MainProcess:12684]:- ==> Parameters:[('ZY_2022040228854', 0)]
[2022-04-03 13:12:04,937] PrescriptionPushSyetem.uploadTimer:[INFO]:[HosPrescriptionService:get_pre_lists_by_statues:61]:[MainProcess:12684]:- <==  Columns: pres_num , upload_status
[2022-04-03 13:12:04,937] PrescriptionPushSyetem.uploadTimer:[INFO]:[HosPrescriptionService:get_pre_lists_by_statues:63]:[MainProcess:12684]:- <==  Row: ZY_2022040228854 , 0
[2022-04-03 13:12:04,940] PrescriptionPushSyetem.uploadTimer:[INFO]:[HosPrescriptionService:upload_prescriptions:74]:[MainProcess:12684]:开始批量上传 1 个处方
[2022-04-03 13:12:04,950] PrescriptionPushSyetem.uploadTimer:[INFO]:[HosPrescriptionService:find_prescription_details:182]:[MainProcess:12684]:从中间表查询处方详情：
[2022-04-03 13:12:04,956] PrescriptionPushSyetem.uploadTimer:[INFO]:[HosPrescriptionService:find_prescription_details:186]:[MainProcess:12684]:- ==> executing:SELECT `mid _prescriptions`.pres_num, `mid _prescriptions`.pres_time, `mid _prescriptions`.treat_card, `mid _prescriptions`.reg_num, `mid _prescriptions`.province, `mid _prescriptions`.city, `mid _prescriptions`.zone, `mid _prescriptions`.addr_detail, `mid _prescriptions`.consignee, `mid _prescriptions`.con_tel, `mid _prescriptions`.send_goods_time, `mid _prescriptions`.user_name, `mid _prescriptions`.age, `mid _prescriptions`.gender, `mid _prescriptions`.tel, `mid _prescriptions`.is_suffering, `mid _prescriptions`.amount, `mid _prescriptions`.suffering_num, `mid _prescriptions`.ji_fried, `mid _prescriptions`.per_pack_num, `mid _prescriptions`.per_pack_dose, `mid _prescriptions`.type, `mid _prescriptions`.is_within, `mid _prescriptions`.other_pres_num, `mid _prescriptions`.special_instru, `mid _prescriptions`.bed_num, `mid _prescriptions`.hos_depart, `mid _prescriptions`.hospital_num, `mid _prescriptions`.disease_code, `mid _prescriptions`.doctor, `mid _prescriptions`.prescript_remark, `mid _prescriptions`.upload_status, `mid _prescriptions`.description, `mid _prescriptions`.upload_time, `mid _prescriptions`.order_id, `mid _prescriptions`.is_hos_addr, `mid _prescriptions`.medication_methods, `mid _prescriptions`.medication_instruction, `mid _prescriptions`.source 
FROM `mid _prescriptions` 
WHERE `mid _prescriptions`.pres_num = 'ZY_2022040228854'
[2022-04-03 13:12:04,974] PrescriptionPushSyetem.uploadTimer:[INFO]:[HosPrescriptionService:find_prescription_details:188]:[MainProcess:12684]:- ==> Parameters:<management.models.Prescription object at 0x000001A2452B0780>
[2022-04-03 13:12:04,974] PrescriptionPushSyetem.uploadTimer:[INFO]:[HosPrescriptionService:find_prescription_details:189]:[MainProcess:12684]:- <==  Columns: ('addr_detail', 'age', 'amount', 'bed_num', 'city', 'con_tel', 'consignee', 'disease_code', 'doctor', 'gender', 'hos_depart', 'hospital_num', 'is_hos_addr', 'is_suffering', 'is_within', 'ji_fried', 'keys', 'medication_instruction', 'medication_methods', 'metadata', 'order_id', 'other_pres_num', 'per_pack_dose', 'per_pack_num', 'pres_num', 'pres_time', 'prescript_remark', 'province', 'reg_num', 'send_goods_time', 'source', 'special_instru', 'suffering_num', 'tel', 'treat_card', 'type', 'upload_status', 'upload_time', 'user_name', 'zone')
[2022-04-03 13:12:04,974] PrescriptionPushSyetem.uploadTimer:[INFO]:[HosPrescriptionService:find_prescription_details:190]:[MainProcess:12684]:- <==  Row: {'pres_time': '2022-04-02 09:28:31', 'amount': 2, 'other_pres_num': 'ZY_2022040228854', 'upload_status': 0, 'con_tel': '0871-63543252', 'special_instru': '精神分裂症;', 'treat_card': '82713', 'suffering_num': 10, 'description': None, 'send_goods_time': '2022-04-04 12:00:00', 'bed_num': '73', 'reg_num': '82713', 'ji_fried': 1, 'upload_time': None, 'user_name': '李敏', 'hos_depart': '中西医结合科病区', 'source': 1, 'province': '云南省', 'per_pack_num': 5, 'order_id': None, 'age': 40, 'hospital_num': '82713', 'city': '昆明市', 'per_pack_dose': 200, 'is_hos_addr': 1, 'gender': 1, 'disease_code': '3401', 'zone': '盘龙区', 'type': 0, 'medication_methods': '', 'tel': '0871-65619257', 'doctor': '何丽', 'addr_detail': '穿金路733号', 'is_within': 0, 'medication_instruction': '', 'pres_num': 'ZY_2022040228854', 'is_suffering': 1, 'prescript_remark': '安神养心2(八珍+益 ', 'consignee': '云南省精神病医院'}
[2022-04-03 13:12:04,974] PrescriptionPushSyetem.uploadTimer:[INFO]:[HosPrescriptionService:find_prescription_details:191]:[MainProcess:12684]:从中间表查询处方药品详情：
[2022-04-03 13:12:04,974] PrescriptionPushSyetem.uploadTimer:[INFO]:[HosPrescriptionService:find_prescription_details:195]:[MainProcess:12684]:- ==> executing:SELECT mid_prescription_details.pres_detail_id, mid_prescription_details.pres_num, mid_prescription_details.goods_num, mid_prescription_details.medicines, mid_prescription_details.dose, mid_prescription_details.unit, mid_prescription_details.m_usage, mid_prescription_details.goods_norms, mid_prescription_details.goods_orgin, mid_prescription_details.remark, mid_prescription_details.dose_that, mid_prescription_details.unit_price, mid_prescription_details.`MedPerDos`, mid_prescription_details.`MedPerDay` 
FROM mid_prescription_details 
WHERE mid_prescription_details.pres_num = 'ZY_2022040228854'
[2022-04-03 13:12:04,982] PrescriptionPushSyetem.uploadTimer:[INFO]:[HosPrescriptionService:find_prescription_details:197]:[MainProcess:12684]:- ==> Parameters:[<management.models.PresDetails object at 0x000001A2440390F0>, <management.models.PresDetails object at 0x000001A244039A90>, <management.models.PresDetails object at 0x000001A244039940>, <management.models.PresDetails object at 0x000001A244039A20>, <management.models.PresDetails object at 0x000001A244039978>, <management.models.PresDetails object at 0x000001A2440390B8>, <management.models.PresDetails object at 0x000001A244039D68>, <management.models.PresDetails object at 0x000001A244039A58>, <management.models.PresDetails object at 0x000001A2452B0898>, <management.models.PresDetails object at 0x000001A24508EA20>, <management.models.PresDetails object at 0x000001A24508EAC8>, <management.models.PresDetails object at 0x000001A24508E6A0>, <management.models.PresDetails object at 0x000001A245198C88>]
[2022-04-03 13:12:04,982] PrescriptionPushSyetem.uploadTimer:[INFO]:[HosPrescriptionService:find_prescription_details:200]:[MainProcess:12684]:- <==  Columns: ('pres_num', 'goods_num', 'medicine', 'dose', 'unit', 'm_usage', 'goods_norms', 'goods_orgin', 'remark', 'dose_that', 'unit_price', 'MedPerDos', 'MedPerDay')
[2022-04-03 13:12:04,982] PrescriptionPushSyetem.uploadTimer:[INFO]:[HosPrescriptionService:find_prescription_details:201]:[MainProcess:12684]:- <==  Row: {'goods_norms': '1g', 'remark': '', 'unit_price': 0.0, 'MedPerDay': None, 'pres_detail_id': 20, 'goods_num': '8000698CY0', 'dose': '15', 'm_usage': '', 'goods_orgin': '成都康美', 'dose_that': '', 'MedPerDos': None, 'pres_num': 'ZY_2022040228854', 'medicines': '熟地黄', 'unit': 'g'}
[2022-04-03 13:12:04,982] PrescriptionPushSyetem.uploadTimer:[INFO]:[HosPrescriptionService:find_prescription_details:203]:[MainProcess:12684]:- <==  Row: {'goods_norms': '1g', 'remark': '', 'unit_price': 0.0, 'MedPerDay': None, 'pres_detail_id': 21, 'goods_num': '8000570CYO', 'dose': '10', 'm_usage': '', 'goods_orgin': '成都康美', 'dose_that': '', 'MedPerDos': None, 'pres_num': 'ZY_2022040228854', 'medicines': '益智仁', 'unit': 'g'}
[2022-04-03 13:12:04,982] PrescriptionPushSyetem.uploadTimer:[INFO]:[HosPrescriptionService:find_prescription_details:203]:[MainProcess:12684]:- <==  Row: {'goods_norms': '1g', 'remark': '', 'unit_price': 0.0, 'MedPerDay': None, 'pres_detail_id': 22, 'goods_num': '8000554CY0', 'dose': '10', 'm_usage': '', 'goods_orgin': '成都康美', 'dose_that': '', 'MedPerDos': None, 'pres_num': 'ZY_2022040228854', 'medicines': '丹参', 'unit': 'g'}
[2022-04-03 13:12:04,982] PrescriptionPushSyetem.uploadTimer:[INFO]:[HosPrescriptionService:find_prescription_details:203]:[MainProcess:12684]:- <==  Row: {'goods_norms': '1g', 'remark': '', 'unit_price': 0.0, 'MedPerDay': None, 'pres_detail_id': 23, 'goods_num': '8000530CY0', 'dose': '10', 'm_usage': '', 'goods_orgin': '成都康美', 'dose_that': '', 'MedPerDos': None, 'pres_num': 'ZY_2022040228854', 'medicines': '甘草', 'unit': 'g'}
[2022-04-03 13:12:04,983] PrescriptionPushSyetem.uploadTimer:[INFO]:[HosPrescriptionService:find_prescription_details:203]:[MainProcess:12684]:- <==  Row: {'goods_norms': '1g', 'remark': '', 'unit_price': 0.0, 'MedPerDay': None, 'pres_detail_id': 24, 'goods_num': '8000541CY0', 'dose': '15', 'm_usage': '', 'goods_orgin': '成都康美', 'dose_that': '', 'MedPerDos': None, 'pres_num': 'ZY_2022040228854', 'medicines': '黄芪', 'unit': 'g'}
[2022-04-03 13:12:04,983] PrescriptionPushSyetem.uploadTimer:[INFO]:[HosPrescriptionService:find_prescription_details:203]:[MainProcess:12684]:- <==  Row: {'goods_norms': '1g', 'remark': '', 'unit_price': 0.0, 'MedPerDay': None, 'pres_detail_id': 25, 'goods_num': '8000559CY0', 'dose': '15', 'm_usage': '', 'goods_orgin': '成都康美', 'dose_that': '', 'MedPerDos': None, 'pres_num': 'ZY_2022040228854', 'medicines': '川芎', 'unit': 'g'}
[2022-04-03 13:12:04,983] PrescriptionPushSyetem.uploadTimer:[INFO]:[HosPrescriptionService:find_prescription_details:203]:[MainProcess:12684]:- <==  Row: {'goods_norms': '1g', 'remark': '', 'unit_price': 0.0, 'MedPerDay': None, 'pres_detail_id': 26, 'goods_num': '8000531CY0', 'dose': '15', 'm_usage': '', 'goods_orgin': '成都康美', 'dose_that': '', 'MedPerDos': None, 'pres_num': 'ZY_2022040228854', 'medicines': '党参', 'unit': 'g'}
[2022-04-03 13:12:04,983] PrescriptionPushSyetem.uploadTimer:[INFO]:[HosPrescriptionService:find_prescription_details:203]:[MainProcess:12684]:- <==  Row: {'goods_norms': '1g', 'remark': '', 'unit_price': 0.0, 'MedPerDay': None, 'pres_detail_id': 27, 'goods_num': '8000542CY0', 'dose': '15', 'm_usage': '', 'goods_orgin': '成都康美', 'dose_that': '', 'MedPerDos': None, 'pres_num': 'ZY_2022040228854', 'medicines': '白芍', 'unit': 'g'}
[2022-04-03 13:12:04,983] PrescriptionPushSyetem.uploadTimer:[INFO]:[HosPrescriptionService:find_prescription_details:203]:[MainProcess:12684]:- <==  Row: {'goods_norms': '1g', 'remark': '', 'unit_price': 0.0, 'MedPerDay': None, 'pres_detail_id': 28, 'goods_num': '8000529CY0', 'dose': '15', 'm_usage': '', 'goods_orgin': '成都康美', 'dose_that': '', 'MedPerDos': None, 'pres_num': 'ZY_2022040228854', 'medicines': '白术', 'unit': 'g'}
[2022-04-03 13:12:04,983] PrescriptionPushSyetem.uploadTimer:[INFO]:[HosPrescriptionService:find_prescription_details:203]:[MainProcess:12684]:- <==  Row: {'goods_norms': '1g', 'remark': '', 'unit_price': 0.0, 'MedPerDay': None, 'pres_detail_id': 29, 'goods_num': '8000528CY0', 'dose': '10', 'm_usage': '', 'goods_orgin': '成都康美', 'dose_that': '', 'MedPerDos': None, 'pres_num': 'ZY_2022040228854', 'medicines': '石菖蒲', 'unit': 'g'}
[2022-04-03 13:12:04,983] PrescriptionPushSyetem.uploadTimer:[INFO]:[HosPrescriptionService:find_prescription_details:203]:[MainProcess:12684]:- <==  Row: {'goods_norms': '1g', 'remark': '', 'unit_price': 0.0, 'MedPerDay': None, 'pres_detail_id': 30, 'goods_num': '800599CY0', 'dose': '10', 'm_usage': '', 'goods_orgin': '成都康美', 'dose_that': '', 'MedPerDos': None, 'pres_num': 'ZY_2022040228854', 'medicines': '香附', 'unit': 'g'}
[2022-04-03 13:12:04,983] PrescriptionPushSyetem.uploadTimer:[INFO]:[HosPrescriptionService:find_prescription_details:203]:[MainProcess:12684]:- <==  Row: {'goods_norms': '1g', 'remark': '', 'unit_price': 0.0, 'MedPerDay': None, 'pres_detail_id': 31, 'goods_num': '8000547CY0', 'dose': '15', 'm_usage': '', 'goods_orgin': '成都康美', 'dose_that': '', 'MedPerDos': None, 'pres_num': 'ZY_2022040228854', 'medicines': '茯苓', 'unit': 'g'}
[2022-04-03 13:12:04,985] PrescriptionPushSyetem.uploadTimer:[INFO]:[HosPrescriptionService:find_prescription_details:203]:[MainProcess:12684]:- <==  Row: {'goods_norms': '1g', 'remark': '', 'unit_price': 0.0, 'MedPerDay': None, 'pres_detail_id': 32, 'goods_num': '8000532CY0', 'dose': '15', 'm_usage': '', 'goods_orgin': '成都康美', 'dose_that': '', 'MedPerDos': None, 'pres_num': 'ZY_2022040228854', 'medicines': '当归', 'unit': 'g'}
[2022-04-03 13:12:04,987] PrescriptionPushSyetem.uploadTimer:[INFO]:[HosPrescriptionService:upload_prescriptions:78]:[MainProcess:12684]:调用康美接口saveOrderInfoToCharacterSet Begin, 请求url：http://www.kmzhyf.cn:8085/zyf/ws/IOrderWSDL?wsdl, 请求体：<?xml version="1.0" encoding="UTF-8"?><orderInfo><head><company_num>10495</company_num><key>1648962724940</key><sign>F7943EAB53062C255571229B810F52EB</sign></head><data><order_time>2022-04-02 09:28:31</order_time><treat_card>82713</treat_card><reg_num>82713</reg_num><addr_str>云南省,昆明市,盘龙区,穿金路733号</addr_str><consignee>云南省精神病医院</consignee><con_tel>0871-63543252</con_tel><send_goods_time>2022-04-04 12:00:00</send_goods_time><is_hos_addr>1</is_hos_addr><prescript><pdetail><user_name>李敏</user_name><doctor>何丽</doctor><age>40</age><gender>1</gender><tel>0871-65619257</tel><is_suffering>1</is_suffering><amount>2</amount><suffering_num>10</suffering_num><ji_fried>1</ji_fried><per_pack_num>5</per_pack_num><per_pack_dose>200</per_pack_dose><type>0</type><other_pres_num>ZY_2022040228854</other_pres_num><special_instru>精神分裂症;</special_instru><is_within>0</is_within><bed_num>73</bed_num><hos_depart>中西医结合科病区</hos_depart><hospital_num>82713</hospital_num><disease_code>3401</disease_code><prescript_remark>安神养心2(八珍+益 </prescript_remark><medication_methods></medication_methods><medication_instruction></medication_instruction><is_hos>2</is_hos><medici_xq><xq><medicines>熟地黄</medicines><dose>15</dose><unit>g</unit><goods_num>8000698CY0</goods_num><dose_that></dose_that><remark></remark><m_usage></m_usage><goods_norms>1g</goods_norms><goods_orgin>成都康美</goods_orgin></xq><xq><medicines>益智仁</medicines><dose>10</dose><unit>g</unit><goods_num>8000570CYO</goods_num><dose_that></dose_that><remark></remark><m_usage></m_usage><goods_norms>1g</goods_norms><goods_orgin>成都康美</goods_orgin></xq><xq><medicines>丹参</medicines><dose>10</dose><unit>g</unit><goods_num>8000554CY0</goods_num><dose_that></dose_that><remark></remark><m_usage></m_usage><goods_norms>1g</goods_norms><goods_orgin>成都康美</goods_orgin></xq><xq><medicines>甘草</medicines><dose>10</dose><unit>g</unit><goods_num>8000530CY0</goods_num><dose_that></dose_that><remark></remark><m_usage></m_usage><goods_norms>1g</goods_norms><goods_orgin>成都康美</goods_orgin></xq><xq><medicines>黄芪</medicines><dose>15</dose><unit>g</unit><goods_num>8000541CY0</goods_num><dose_that></dose_that><remark></remark><m_usage></m_usage><goods_norms>1g</goods_norms><goods_orgin>成都康美</goods_orgin></xq><xq><medicines>川芎</medicines><dose>15</dose><unit>g</unit><goods_num>8000559CY0</goods_num><dose_that></dose_that><remark></remark><m_usage></m_usage><goods_norms>1g</goods_norms><goods_orgin>成都康美</goods_orgin></xq><xq><medicines>党参</medicines><dose>15</dose><unit>g</unit><goods_num>8000531CY0</goods_num><dose_that></dose_that><remark></remark><m_usage></m_usage><goods_norms>1g</goods_norms><goods_orgin>成都康美</goods_orgin></xq><xq><medicines>白芍</medicines><dose>15</dose><unit>g</unit><goods_num>8000542CY0</goods_num><dose_that></dose_that><remark></remark><m_usage></m_usage><goods_norms>1g</goods_norms><goods_orgin>成都康美</goods_orgin></xq><xq><medicines>白术</medicines><dose>15</dose><unit>g</unit><goods_num>8000529CY0</goods_num><dose_that></dose_that><remark></remark><m_usage></m_usage><goods_norms>1g</goods_norms><goods_orgin>成都康美</goods_orgin></xq><xq><medicines>石菖蒲</medicines><dose>10</dose><unit>g</unit><goods_num>8000528CY0</goods_num><dose_that></dose_that><remark></remark><m_usage></m_usage><goods_norms>1g</goods_norms><goods_orgin>成都康美</goods_orgin></xq><xq><medicines>香附</medicines><dose>10</dose><unit>g</unit><goods_num>800599CY0</goods_num><dose_that></dose_that><remark></remark><m_usage></m_usage><goods_norms>1g</goods_norms><goods_orgin>成都康美</goods_orgin></xq><xq><medicines>茯苓</medicines><dose>15</dose><unit>g</unit><goods_num>8000547CY0</goods_num><dose_that></dose_that><remark></remark><m_usage></m_usage><goods_norms>1g</goods_norms><goods_orgin>成都康美</goods_orgin></xq><xq><medicines>当归</medicines><dose>15</dose><unit>g</unit><goods_num>8000532CY0</goods_num><dose_that></dose_that><remark></remark><m_usage></m_usage><goods_norms>1g</goods_norms><goods_orgin>成都康美</goods_orgin></xq></medici_xq></pdetail></prescript></data></orderInfo>
[2022-04-03 13:12:05,465] PrescriptionPushSyetem.uploadTimer:[INFO]:[HosPrescriptionService:upload_prescriptions:85]:[MainProcess:12684]:调用康美接口saveOrderInfoToCharacterSet End, 接口返回：<?xml version="1.0" encoding="UTF-8"?><result><resultCode>22</resultCode><orderInfo><IsSuccess>false</IsSuccess><reg_num>82713</reg_num><prescriptionIds>[TD22040200028-1]</prescriptionIds><orderid>TD22040200028</orderid><message>重复提交处方:[ZY_2022040228854]</message></orderInfo><description>重复提交</description><state>fail</state></result>
[2022-04-03 13:12:05,465] PrescriptionPushSyetem.uploadTimer:[INFO]:[HosPrescriptionService:upload_prescriptions:90]:[MainProcess:12684]:处方上传成功！处方号：ZY_2022040228854 -- 对应订单号：TD22040200028
[2022-04-03 13:12:05,476] PrescriptionPushSyetem.uploadTimer:[INFO]:[HosPrescriptionService:update_prescription_statues:245]:[MainProcess:12684]:处方号：ZY_2022040228854 上传状态更新成功！
[2022-04-03 13:12:05,476] PrescriptionPushSyetem.uploadTimer:[INFO]:[views:insert_mid_by_pres_consignee:23]:[MainProcess:12684]:查询处方地址关联表:
[2022-04-03 13:12:05,479] PrescriptionPushSyetem.uploadTimer:[INFO]:[HosPrescriptionService:find_un_write_pres_consignee:35]:[MainProcess:12684]:- ==> executing:SELECT pres_consignee.pres_num, pres_consignee.addr_id, custom_addr.province, custom_addr.city, custom_addr.zone, custom_addr.addr_detail, custom_addr.consignee, custom_addr.con_tel, pres_consignee.send_goods_time, custom_addr.is_hos_addr, pres_consignee.is_write_mid 
FROM pres_consignee, custom_addr 
WHERE pres_consignee.addr_id = custom_addr.addr_id AND pres_consignee.is_write_mid = 0
[2022-04-03 13:12:05,487] PrescriptionPushSyetem.uploadTimer:[INFO]:[HosPrescriptionService:find_un_write_pres_consignee:37]:[MainProcess:12684]:- ==> Parameters:
[2022-04-03 13:12:05,487] PrescriptionPushSyetem.uploadTimer:[INFO]:[HosPrescriptionService:find_un_write_pres_consignee:38]:[MainProcess:12684]:- <==  Columns: pres_num , addr_id , province , city , zone , addr_detail , consignee , con_tel , send_goods_time , is_hos_addr , is_write_mid
[2022-04-03 13:12:05,487] PrescriptionPushSyetem.uploadTimer:[INFO]:[views:upload_prescription_job:165]:[MainProcess:12684]:上传处方定时任务结束================================
[2022-04-03 13:13:04,918] PrescriptionPushSyetem.uploadTimer:[INFO]:[views:upload_prescription_job:138]:[MainProcess:12684]:上传处方定时任务开始================================
[2022-04-03 13:13:04,923] PrescriptionPushSyetem.uploadTimer:[INFO]:[HosPrescriptionService:get_pre_lists_by_statues:58]:[MainProcess:12684]:- ==> executing:SELECT `mid _prescriptions`.pres_num, `mid _prescriptions`.upload_status 
FROM `mid _prescriptions` 
WHERE `mid _prescriptions`.upload_status BETWEEN 0 AND 10000
[2022-04-03 13:13:04,948] PrescriptionPushSyetem.uploadTimer:[INFO]:[HosPrescriptionService:get_pre_lists_by_statues:60]:[MainProcess:12684]:- ==> Parameters:[]
[2022-04-03 13:13:04,948] PrescriptionPushSyetem.uploadTimer:[INFO]:[HosPrescriptionService:get_pre_lists_by_statues:61]:[MainProcess:12684]:- <==  Columns: pres_num , upload_status
[2022-04-03 13:13:04,948] PrescriptionPushSyetem.uploadTimer:[INFO]:[views:upload_prescription_job:163]:[MainProcess:12684]:本次无未上传处方！
[2022-04-03 13:13:04,948] PrescriptionPushSyetem.uploadTimer:[INFO]:[views:insert_mid_by_pres_consignee:23]:[MainProcess:12684]:查询处方地址关联表:
[2022-04-03 13:13:04,961] PrescriptionPushSyetem.uploadTimer:[INFO]:[HosPrescriptionService:find_un_write_pres_consignee:35]:[MainProcess:12684]:- ==> executing:SELECT pres_consignee.pres_num, pres_consignee.addr_id, custom_addr.province, custom_addr.city, custom_addr.zone, custom_addr.addr_detail, custom_addr.consignee, custom_addr.con_tel, pres_consignee.send_goods_time, custom_addr.is_hos_addr, pres_consignee.is_write_mid 
FROM pres_consignee, custom_addr 
WHERE pres_consignee.addr_id = custom_addr.addr_id AND pres_consignee.is_write_mid = 0
[2022-04-03 13:13:04,989] PrescriptionPushSyetem.uploadTimer:[INFO]:[HosPrescriptionService:find_un_write_pres_consignee:37]:[MainProcess:12684]:- ==> Parameters:
[2022-04-03 13:13:04,990] PrescriptionPushSyetem.uploadTimer:[INFO]:[HosPrescriptionService:find_un_write_pres_consignee:38]:[MainProcess:12684]:- <==  Columns: pres_num , addr_id , province , city , zone , addr_detail , consignee , con_tel , send_goods_time , is_hos_addr , is_write_mid
[2022-04-03 13:13:04,990] PrescriptionPushSyetem.uploadTimer:[INFO]:[views:upload_prescription_job:165]:[MainProcess:12684]:上传处方定时任务结束================================
