[2022-04-03 13:07:47,402] web:[INFO]:[views:index:88]:[MainProcess:12684]:用户-admin-成功登录系统！~~~登录时间:2022-04-03 13:07:47
[2022-04-03 13:08:08,243] web:[INFO]:[views:user_manage:111]:[MainProcess:12684]:添加用户! - 'user':suser01
[2022-04-03 13:08:08,255] web:[INFO]:[views:user_manage:120]:[MainProcess:12684]:{'status': 'success'}
[2022-04-03 13:08:26,574] web:[INFO]:[views:user_manage:111]:[MainProcess:12684]:添加用户! - 'user':suser02
[2022-04-03 13:08:26,589] web:[INFO]:[views:user_manage:120]:[MainProcess:12684]:{'status': 'success'}
[2022-04-03 13:08:35,969] web:[INFO]:[views:user_manage:172]:[MainProcess:12684]:停用用户 - 'user':suser01
[2022-04-03 13:08:35,969] web:[INFO]:[views:user_manage:173]:[MainProcess:12684]:==> Parameters:1
[2022-04-03 13:08:35,973] web:[INFO]:[views:user_manage:187]:[MainProcess:12684]:{'status': 'success'}
[2022-04-03 13:08:46,013] web:[INFO]:[views:user_manage:130]:[MainProcess:12684]:修改用户信息! - 'user':suser01
[2022-04-03 13:08:46,013] web:[INFO]:[views:user_manage:131]:[MainProcess:12684]:==> Parameters:1
[2022-04-03 13:08:46,017] web:[INFO]:[views:user_manage:139]:[MainProcess:12684]:{'status': 'success'}
[2022-04-03 13:09:04,784] web:[INFO]:[views:user_manage:151]:[MainProcess:12684]:删除用户! - 'user':suser02
[2022-04-03 13:09:04,784] web:[INFO]:[views:user_manage:152]:[MainProcess:12684]:==> Parameters:1
[2022-04-03 13:09:04,786] web:[INFO]:[views:user_manage:162]:[MainProcess:12684]:{'status': 'success', 'message': '成功删除1条数据'}
[2022-04-03 13:09:07,340] web:[INFO]:[views:user_manage:177]:[MainProcess:12684]:启用用户 - 'user':suser01
[2022-04-03 13:09:07,340] web:[INFO]:[views:user_manage:178]:[MainProcess:12684]:==> Parameters:1
[2022-04-03 13:09:07,342] web:[INFO]:[views:user_manage:187]:[MainProcess:12684]:{'status': 'success'}
[2022-04-03 13:09:11,877] web:[INFO]:[views:table_data:285]:[MainProcess:12684]:查询门诊视图获取待上传处方：
[2022-04-03 13:09:11,878] web:[INFO]:[views:table_data:286]:[MainProcess:12684]:==> executing:SELECT mz_hosp_prescriptions_view.pres_num, mz_hosp_prescriptions_view.pres_time, mz_hosp_prescriptions_view.treat_card, mz_hosp_prescriptions_view.reg_num, mz_hosp_prescriptions_view.username, mz_hosp_prescriptions_view.age, mz_hosp_prescriptions_view.gender, mz_hosp_prescriptions_view.tel, mz_hosp_prescriptions_view.is_suffering, mz_hosp_prescriptions_view.amount, mz_hosp_prescriptions_view.suffering_num, mz_hosp_prescriptions_view.ji_fried, mz_hosp_prescriptions_view.per_pack_num, mz_hosp_prescriptions_view.per_pack_dose, mz_hosp_prescriptions_view.type, mz_hosp_prescriptions_view.is_within, mz_hosp_prescriptions_view.special_instru, mz_hosp_prescriptions_view.hos_depart, mz_hosp_prescriptions_view.hospital_num, mz_hosp_prescriptions_view.doctor, mz_hosp_prescriptions_view.remark, mz_hosp_prescriptions_view.medication_methods, mz_hosp_prescriptions_view.medication_instruction, mz_hosp_prescriptions_view.is_hos 
FROM mz_hosp_prescriptions_view 
WHERE mz_hosp_prescriptions_view.pres_time BETWEEN '2022-04-03 00:00:00' AND '2022-04-03 13:09:11'
[2022-04-03 13:09:11,885] web:[INFO]:[views:table_data:287]:[MainProcess:12684]:==> Parameters:[]
[2022-04-03 13:09:19,477] web:[INFO]:[views:table_data:285]:[MainProcess:12684]:查询门诊视图获取待上传处方：
[2022-04-03 13:09:19,477] web:[INFO]:[views:table_data:286]:[MainProcess:12684]:==> executing:SELECT mz_hosp_prescriptions_view.pres_num, mz_hosp_prescriptions_view.pres_time, mz_hosp_prescriptions_view.treat_card, mz_hosp_prescriptions_view.reg_num, mz_hosp_prescriptions_view.username, mz_hosp_prescriptions_view.age, mz_hosp_prescriptions_view.gender, mz_hosp_prescriptions_view.tel, mz_hosp_prescriptions_view.is_suffering, mz_hosp_prescriptions_view.amount, mz_hosp_prescriptions_view.suffering_num, mz_hosp_prescriptions_view.ji_fried, mz_hosp_prescriptions_view.per_pack_num, mz_hosp_prescriptions_view.per_pack_dose, mz_hosp_prescriptions_view.type, mz_hosp_prescriptions_view.is_within, mz_hosp_prescriptions_view.special_instru, mz_hosp_prescriptions_view.hos_depart, mz_hosp_prescriptions_view.hospital_num, mz_hosp_prescriptions_view.doctor, mz_hosp_prescriptions_view.remark, mz_hosp_prescriptions_view.medication_methods, mz_hosp_prescriptions_view.medication_instruction, mz_hosp_prescriptions_view.is_hos 
FROM mz_hosp_prescriptions_view 
WHERE mz_hosp_prescriptions_view.pres_time BETWEEN '2022-04-01 00:00:00' AND '2022-04-03 13:09:18'
[2022-04-03 13:09:19,490] web:[INFO]:[views:table_data:287]:[MainProcess:12684]:==> Parameters:[<management.models.MZPrescriptionsView object at 0x000001A24509B748>, <management.models.MZPrescriptionsView object at 0x000001A24509B7B8>]
[2022-04-03 13:09:19,501] web:[INFO]:[views:table_data:290]:[MainProcess:12684]:- <== Row: MZ_2022040128355 - {'per_pack_num': None, 'doctor': '杨俊伟', 'age': 30, 'remark': '', 'per_pack_dose': None, 'gender': 0, 'medication_methods': '', 'type': 0, 'tel': '13888065980', 'medication_instruction': '', 'pres_num': 'MZ_2022040128355', 'is_within': 0, 'is_suffering': None, 'is_hos': 1, 'pres_time': '2022-04-01 17:16:28', 'special_instru': '双相情感障碍;', 'amount': 7, 'treat_card': '5550011477', 'hos_depart': '精神医学/中西医结合', 'suffering_num': None, 'reg_num': '5550011477', 'hospital_num': '', 'ji_fried': None, 'username': '方露可'}
[2022-04-03 13:09:19,514] web:[INFO]:[views:table_data:290]:[MainProcess:12684]:- <== Row: MZ_2022040128300 - {'per_pack_num': 4, 'doctor': '杨俊伟', 'age': 65, 'remark': '', 'per_pack_dose': 200, 'gender': 0, 'medication_methods': '', 'type': 0, 'tel': '13888157078', 'medication_instruction': '', 'pres_num': 'MZ_2022040128300', 'is_within': 0, 'is_suffering': 1, 'is_hos': 1, 'pres_time': '2022-04-01 15:57:46', 'special_instru': '抑郁发作;', 'amount': 3, 'treat_card': '05105629', 'hos_depart': '精神医学/中西医结合', 'suffering_num': 12, 'reg_num': '05105629', 'hospital_num': '', 'ji_fried': 1, 'username': '张伟莉'}
[2022-04-03 13:09:21,827] web:[INFO]:[views:table_data:329]:[MainProcess:12684]:获取患者地址信息：
[2022-04-03 13:09:21,827] web:[INFO]:[views:table_data:330]:[MainProcess:12684]:==> executing:SELECT custom_addr.addr_id, custom_addr.custom_num, custom_addr.consignee, custom_addr.con_tel, custom_addr.province, custom_addr.city, custom_addr.zone, custom_addr.addr_detail, custom_addr.is_hos_addr, custom_addr.auto_state 
FROM custom_addr 
WHERE custom_addr.custom_num = '05105629' ORDER BY custom_addr.addr_id
[2022-04-03 13:09:21,840] web:[INFO]:[views:table_data:331]:[MainProcess:12684]:==> Parameters:[]
[2022-04-03 13:09:21,847] web:[INFO]:[views:table_data:343]:[MainProcess:12684]:查询处方与地址关联信息：
[2022-04-03 13:09:21,847] web:[INFO]:[views:table_data:344]:[MainProcess:12684]:==> 查询处方号:MZ_2022040128300
[2022-04-03 13:09:21,847] web:[INFO]:[views:table_data:356]:[MainProcess:12684]:该处方还未关联地址！
[2022-04-03 13:09:30,022] web:[INFO]:[views:table_data:329]:[MainProcess:12684]:获取患者地址信息：
[2022-04-03 13:09:30,022] web:[INFO]:[views:table_data:330]:[MainProcess:12684]:==> executing:SELECT custom_addr.addr_id, custom_addr.custom_num, custom_addr.consignee, custom_addr.con_tel, custom_addr.province, custom_addr.city, custom_addr.zone, custom_addr.addr_detail, custom_addr.is_hos_addr, custom_addr.auto_state 
FROM custom_addr 
WHERE custom_addr.custom_num = '05105629' ORDER BY custom_addr.addr_id
[2022-04-03 13:09:30,030] web:[INFO]:[views:table_data:331]:[MainProcess:12684]:==> Parameters:[<management.models.Address object at 0x000001A243E70048>]
[2022-04-03 13:09:30,033] web:[INFO]:[views:table_data:334]:[MainProcess:12684]:- <== Row: 1,05105629 - {'is_hos_addr': 2, 'custom_num': '05105629', 'con_tel': '13888157078', 'city': '昆明市', 'addr_detail': '红景路荷塘月色16栋二单元402', 'auto_state': 0, 'addr_id': 1, 'consignee': '张伟莉', 'province': '云南省', 'zone': '五华区'}
[2022-04-03 13:09:48,102] web:[INFO]:[views:table_data:343]:[MainProcess:12684]:查询处方与地址关联信息：
[2022-04-03 13:09:48,102] web:[INFO]:[views:table_data:344]:[MainProcess:12684]:==> 查询处方号:MZ_2022040128300
[2022-04-03 13:09:48,110] web:[INFO]:[views:table_data:354]:[MainProcess:12684]:==> 关联地址:1 - {'is_hos_addr': 2, 'custom_num': '05105629', 'con_tel': '13888157078', 'city': '昆明市', 'addr_detail': '红景路荷塘月色16栋二单元402', 'auto_state': 0, 'addr_id': 1, 'consignee': '张伟莉', 'province': '云南省', 'zone': '五华区'}
[2022-04-03 13:09:50,552] web:[INFO]:[views:table_data:310]:[MainProcess:12684]:查询住院视图获取待上传处方：
[2022-04-03 13:09:50,552] web:[INFO]:[views:table_data:311]:[MainProcess:12684]:==> executing:SELECT zy_hosp_prescriptions_view.pres_num, zy_hosp_prescriptions_view.pres_time, zy_hosp_prescriptions_view.treat_card, zy_hosp_prescriptions_view.reg_num, zy_hosp_prescriptions_view.username, zy_hosp_prescriptions_view.age, zy_hosp_prescriptions_view.gender, zy_hosp_prescriptions_view.tel, zy_hosp_prescriptions_view.is_suffering, zy_hosp_prescriptions_view.amount, zy_hosp_prescriptions_view.suffering_num, zy_hosp_prescriptions_view.ji_fried, zy_hosp_prescriptions_view.per_pack_num, zy_hosp_prescriptions_view.per_pack_dose, zy_hosp_prescriptions_view.type, zy_hosp_prescriptions_view.is_within, zy_hosp_prescriptions_view.special_instru, zy_hosp_prescriptions_view.bed_num, zy_hosp_prescriptions_view.hos_depart, zy_hosp_prescriptions_view.hospital_num, zy_hosp_prescriptions_view.disease_code, zy_hosp_prescriptions_view.doctor, zy_hosp_prescriptions_view.remark, zy_hosp_prescriptions_view.medication_methods, zy_hosp_prescriptions_view.medication_instruction, zy_hosp_prescriptions_view.is_hos 
FROM zy_hosp_prescriptions_view 
WHERE zy_hosp_prescriptions_view.pres_time BETWEEN '2022-04-03 00:00:00' AND '2022-04-03 13:09:50'
[2022-04-03 13:09:50,562] web:[INFO]:[views:table_data:312]:[MainProcess:12684]:==> Parameters:[]
[2022-04-03 13:09:52,099] web:[INFO]:[views:table_data:329]:[MainProcess:12684]:获取患者地址信息：
[2022-04-03 13:09:52,100] web:[INFO]:[views:table_data:330]:[MainProcess:12684]:==> executing:SELECT custom_addr.addr_id, custom_addr.custom_num, custom_addr.consignee, custom_addr.con_tel, custom_addr.province, custom_addr.city, custom_addr.zone, custom_addr.addr_detail, custom_addr.is_hos_addr, custom_addr.auto_state 
FROM custom_addr 
WHERE custom_addr.custom_num = '05105629' ORDER BY custom_addr.addr_id
[2022-04-03 13:09:52,108] web:[INFO]:[views:table_data:331]:[MainProcess:12684]:==> Parameters:[<management.models.Address object at 0x000001A2451456A0>]
[2022-04-03 13:09:52,115] web:[INFO]:[views:table_data:343]:[MainProcess:12684]:查询处方与地址关联信息：
[2022-04-03 13:09:52,116] web:[INFO]:[views:table_data:344]:[MainProcess:12684]:==> 查询处方号:MZ_2022040128300
[2022-04-03 13:09:52,116] web:[INFO]:[views:table_data:334]:[MainProcess:12684]:- <== Row: 1,05105629 - {'is_hos_addr': 2, 'custom_num': '05105629', 'con_tel': '13888157078', 'city': '昆明市', 'addr_detail': '红景路荷塘月色16栋二单元402', 'auto_state': 0, 'addr_id': 1, 'consignee': '张伟莉', 'province': '云南省', 'zone': '五华区'}
[2022-04-03 13:09:52,118] web:[INFO]:[views:table_data:354]:[MainProcess:12684]:==> 关联地址:1 - {'is_hos_addr': 2, 'custom_num': '05105629', 'con_tel': '13888157078', 'city': '昆明市', 'addr_detail': '红景路荷塘月色16栋二单元402', 'auto_state': 0, 'addr_id': 1, 'consignee': '张伟莉', 'province': '云南省', 'zone': '五华区'}
[2022-04-03 13:10:32,292] web:[INFO]:[views:table_data:310]:[MainProcess:12684]:查询住院视图获取待上传处方：
[2022-04-03 13:10:32,293] web:[INFO]:[views:table_data:311]:[MainProcess:12684]:==> executing:SELECT zy_hosp_prescriptions_view.pres_num, zy_hosp_prescriptions_view.pres_time, zy_hosp_prescriptions_view.treat_card, zy_hosp_prescriptions_view.reg_num, zy_hosp_prescriptions_view.username, zy_hosp_prescriptions_view.age, zy_hosp_prescriptions_view.gender, zy_hosp_prescriptions_view.tel, zy_hosp_prescriptions_view.is_suffering, zy_hosp_prescriptions_view.amount, zy_hosp_prescriptions_view.suffering_num, zy_hosp_prescriptions_view.ji_fried, zy_hosp_prescriptions_view.per_pack_num, zy_hosp_prescriptions_view.per_pack_dose, zy_hosp_prescriptions_view.type, zy_hosp_prescriptions_view.is_within, zy_hosp_prescriptions_view.special_instru, zy_hosp_prescriptions_view.bed_num, zy_hosp_prescriptions_view.hos_depart, zy_hosp_prescriptions_view.hospital_num, zy_hosp_prescriptions_view.disease_code, zy_hosp_prescriptions_view.doctor, zy_hosp_prescriptions_view.remark, zy_hosp_prescriptions_view.medication_methods, zy_hosp_prescriptions_view.medication_instruction, zy_hosp_prescriptions_view.is_hos 
FROM zy_hosp_prescriptions_view 
WHERE zy_hosp_prescriptions_view.pres_time BETWEEN '2022-04-01 00:00:00' AND '2022-04-03 13:10:31'
[2022-04-03 13:10:32,304] web:[INFO]:[views:table_data:312]:[MainProcess:12684]:==> Parameters:[<management.models.ZYPrescriptionsView object at 0x000001A2450AE1D0>, <management.models.ZYPrescriptionsView object at 0x000001A2450AE828>, <management.models.ZYPrescriptionsView object at 0x000001A2450AE2E8>, <management.models.ZYPrescriptionsView object at 0x000001A2450AEC50>, <management.models.ZYPrescriptionsView object at 0x000001A2450AEC18>, <management.models.ZYPrescriptionsView object at 0x000001A2450AE3C8>, <management.models.ZYPrescriptionsView object at 0x000001A2450AE128>, <management.models.ZYPrescriptionsView object at 0x000001A2450AEBA8>, <management.models.ZYPrescriptionsView object at 0x000001A2450AE0B8>, <management.models.ZYPrescriptionsView object at 0x000001A2450AE080>, <management.models.ZYPrescriptionsView object at 0x000001A2450AEF98>]
[2022-04-03 13:10:32,314] web:[INFO]:[views:table_data:316]:[MainProcess:12684]:- <== Row: ZY_2022040126641 - {'hos_depart': '中西医结合科病区', 'reg_num': '35056', 'ji_fried': 1, 'username': '蒋黎', 'hospital_num': '35056', 'per_pack_num': 5, 'age': 46, 'disease_code': '3401', 'per_pack_dose': 200, 'is_hos': 2, 'gender': 1, 'doctor': '蒋钦梅', 'type': 0, 'tel': '0871-65619257', 'remark': '安神养心1号（逍遥散 ', 'pres_num': 'ZY_2022040126641', 'is_within': 0, 'is_suffering': 1, 'medication_methods': '', 'special_instru': '精神分裂症', 'pres_time': '2022-04-01 09:20:54', 'amount': 2, 'medication_instruction': '', 'treat_card': '35056', 'bed_num': '116', 'suffering_num': 10}
[2022-04-03 13:10:32,327] web:[INFO]:[views:table_data:316]:[MainProcess:12684]:- <== Row: ZY_2022040126897 - {'hos_depart': '中西医结合科病区', 'reg_num': '81887', 'ji_fried': 1, 'username': '刘如源', 'hospital_num': '81887', 'per_pack_num': 5, 'age': 27, 'disease_code': '3401', 'per_pack_dose': 200, 'is_hos': 2, 'gender': 1, 'doctor': '蒋钦梅', 'type': 0, 'tel': '0871-65619257', 'remark': '安神养心2(八珍+益 ', 'pres_num': 'ZY_2022040126897', 'is_within': 0, 'is_suffering': 1, 'medication_methods': '', 'special_instru': '偏执型精神分裂症', 'pres_time': '2022-04-01 09:55:49', 'amount': 2, 'medication_instruction': '', 'treat_card': '81887', 'bed_num': '30', 'suffering_num': 10}
[2022-04-03 13:10:32,329] web:[INFO]:[views:table_data:316]:[MainProcess:12684]:- <== Row: ZY_2022040228787 - {'hos_depart': '中西医结合科病区', 'reg_num': '36345', 'ji_fried': 1, 'username': '宋春喜', 'hospital_num': '36345', 'per_pack_num': 5, 'age': 49, 'disease_code': '3401', 'per_pack_dose': 200, 'is_hos': 2, 'gender': 1, 'doctor': '何丽', 'type': 0, 'tel': '0871-65619257', 'remark': '安神养心2(八珍+益 ', 'pres_num': 'ZY_2022040228787', 'is_within': 0, 'is_suffering': 1, 'medication_methods': '', 'special_instru': '精神分裂症;', 'pres_time': '2022-04-02 09:14:17', 'amount': 2, 'medication_instruction': '', 'treat_card': '36345', 'bed_num': '52', 'suffering_num': 10}
[2022-04-03 13:10:32,331] web:[INFO]:[views:table_data:316]:[MainProcess:12684]:- <== Row: ZY_2022040228770 - {'hos_depart': '中西医结合科病区', 'reg_num': '70521', 'ji_fried': 1, 'username': '赵章瑜', 'hospital_num': '70521', 'per_pack_num': 5, 'age': 44, 'disease_code': '3401', 'per_pack_dose': 200, 'is_hos': 2, 'gender': 1, 'doctor': '何丽', 'type': 0, 'tel': '0871-65619257', 'remark': '安神养心3(滋水清肝 ', 'pres_num': 'ZY_2022040228770', 'is_within': 0, 'is_suffering': 1, 'medication_methods': '', 'special_instru': '双相情感障碍，目前为中度抑郁发作', 'pres_time': '2022-04-02 09:09:09', 'amount': 2, 'medication_instruction': '', 'treat_card': '70521', 'bed_num': '43', 'suffering_num': 10}
[2022-04-03 13:10:32,333] web:[INFO]:[views:table_data:316]:[MainProcess:12684]:- <== Row: ZY_2022040228774 - {'hos_depart': '中西医结合科病区', 'reg_num': '75891', 'ji_fried': 1, 'username': '赵月园', 'hospital_num': '75891', 'per_pack_num': 5, 'age': 22, 'disease_code': '3401', 'per_pack_dose': 200, 'is_hos': 2, 'gender': 1, 'doctor': '何丽', 'type': 0, 'tel': '0871-65619257', 'remark': '安神养心4(二阴煎+ ', 'pres_num': 'ZY_2022040228774', 'is_within': 0, 'is_suffering': 1, 'medication_methods': '', 'special_instru': '双相情感障碍', 'pres_time': '2022-04-02 09:11:11', 'amount': 2, 'medication_instruction': '', 'treat_card': '75891', 'bed_num': '42', 'suffering_num': 10}
[2022-04-03 13:10:32,334] web:[INFO]:[views:table_data:316]:[MainProcess:12684]:- <== Row: ZY_2022040228854 - {'hos_depart': '中西医结合科病区', 'reg_num': '82713', 'ji_fried': 1, 'username': '李敏', 'hospital_num': '82713', 'per_pack_num': 5, 'age': 40, 'disease_code': '3401', 'per_pack_dose': 200, 'is_hos': 2, 'gender': 1, 'doctor': '何丽', 'type': 0, 'tel': '0871-65619257', 'remark': '安神养心2(八珍+益 ', 'pres_num': 'ZY_2022040228854', 'is_within': 0, 'is_suffering': 1, 'medication_methods': '', 'special_instru': '精神分裂症;', 'pres_time': '2022-04-02 09:28:31', 'amount': 2, 'medication_instruction': '', 'treat_card': '82713', 'bed_num': '73', 'suffering_num': 10}
[2022-04-03 13:10:32,336] web:[INFO]:[views:table_data:316]:[MainProcess:12684]:- <== Row: ZY_2022040228860 - {'hos_depart': '中西医结合科病区', 'reg_num': '48515', 'ji_fried': 1, 'username': '罗小建', 'hospital_num': '48515', 'per_pack_num': 5, 'age': 46, 'disease_code': '3401', 'per_pack_dose': 200, 'is_hos': 2, 'gender': 1, 'doctor': '何丽', 'type': 0, 'tel': '0871-65619257', 'remark': '安神养心2(八珍+益 ', 'pres_num': 'ZY_2022040228860', 'is_within': 0, 'is_suffering': 1, 'medication_methods': '', 'special_instru': '癫痫性精神病', 'pres_time': '2022-04-02 09:29:56', 'amount': 2, 'medication_instruction': '', 'treat_card': '48515', 'bed_num': '97', 'suffering_num': 10}
[2022-04-03 13:10:32,337] web:[INFO]:[views:table_data:316]:[MainProcess:12684]:- <== Row: ZY_2022040228832 - {'hos_depart': '中西医结合科病区', 'reg_num': '64834', 'ji_fried': 1, 'username': '肖敏', 'hospital_num': '64834', 'per_pack_num': 5, 'age': 34, 'disease_code': '3401', 'per_pack_dose': 200, 'is_hos': 2, 'gender': 1, 'doctor': '王延军', 'type': 0, 'tel': '0871-65619257', 'remark': '安神养心2(八珍+益 ', 'pres_num': 'ZY_2022040228832', 'is_within': 0, 'is_suffering': 1, 'medication_methods': '', 'special_instru': '精神分裂症', 'pres_time': '2022-04-02 09:23:35', 'amount': 2, 'medication_instruction': '', 'treat_card': '64834', 'bed_num': '109', 'suffering_num': 10}
[2022-04-03 13:10:32,339] web:[INFO]:[views:table_data:316]:[MainProcess:12684]:- <== Row: ZY_2022040228981 - {'hos_depart': '精神康复科二病区', 'reg_num': '82651', 'ji_fried': 1, 'username': '叶海艳', 'hospital_num': '82651', 'per_pack_num': 5, 'age': 43, 'disease_code': '3002', 'per_pack_dose': 200, 'is_hos': 2, 'gender': 0, 'doctor': '张婧', 'type': 0, 'tel': '0871-65619267', 'remark': '安神养心2(八珍+益 ', 'pres_num': 'ZY_2022040228981', 'is_within': 0, 'is_suffering': 1, 'medication_methods': '水煎服', 'special_instru': '双相情感障碍;药物不良反应;', 'pres_time': '2022-04-02 09:58:11', 'amount': 3, 'medication_instruction': '', 'treat_card': '82651', 'bed_num': '110', 'suffering_num': 15}
[2022-04-03 13:10:32,341] web:[INFO]:[views:table_data:316]:[MainProcess:12684]:- <== Row: ZY_2022040228690 - {'hos_depart': '中西医结合科病区', 'reg_num': '82704', 'ji_fried': 1, 'username': '艾宸寰', 'hospital_num': '82704', 'per_pack_num': 5, 'age': 19, 'disease_code': '3401', 'per_pack_dose': 200, 'is_hos': 2, 'gender': 1, 'doctor': '王延军', 'type': 0, 'tel': '0871-65619257', 'remark': '安神养心2(八珍+益 ', 'pres_num': 'ZY_2022040228690', 'is_within': 0, 'is_suffering': 1, 'medication_methods': '', 'special_instru': '抑郁发作;', 'pres_time': '2022-04-02 08:32:54', 'amount': 2, 'medication_instruction': '', 'treat_card': '82704', 'bed_num': '10', 'suffering_num': 10}
[2022-04-03 13:10:32,343] web:[INFO]:[views:table_data:316]:[MainProcess:12684]:- <== Row: ZY_2022040228703 - {'hos_depart': '中西医结合科病区', 'reg_num': '82123', 'ji_fried': 1, 'username': '晋家多', 'hospital_num': '82123', 'per_pack_num': 5, 'age': 28, 'disease_code': '3401', 'per_pack_dose': 200, 'is_hos': 2, 'gender': 1, 'doctor': '王延军', 'type': 0, 'tel': '0871-65619257', 'remark': '安神养心2(八珍+益 ', 'pres_num': 'ZY_2022040228703', 'is_within': 0, 'is_suffering': 1, 'medication_methods': '', 'special_instru': '精神分裂症;', 'pres_time': '2022-04-02 08:39:21', 'amount': 2, 'medication_instruction': '', 'treat_card': '82123', 'bed_num': '54', 'suffering_num': 10}
[2022-04-03 13:10:35,171] web:[INFO]:[views:table_data:329]:[MainProcess:12684]:获取患者地址信息：
[2022-04-03 13:10:35,172] web:[INFO]:[views:table_data:330]:[MainProcess:12684]:==> executing:SELECT custom_addr.addr_id, custom_addr.custom_num, custom_addr.consignee, custom_addr.con_tel, custom_addr.province, custom_addr.city, custom_addr.zone, custom_addr.addr_detail, custom_addr.is_hos_addr, custom_addr.auto_state 
FROM custom_addr 
WHERE custom_addr.custom_num = '82713' ORDER BY custom_addr.addr_id
[2022-04-03 13:10:35,182] web:[INFO]:[views:table_data:331]:[MainProcess:12684]:==> Parameters:[]
[2022-04-03 13:10:35,195] web:[INFO]:[views:table_data:343]:[MainProcess:12684]:查询处方与地址关联信息：
[2022-04-03 13:10:35,195] web:[INFO]:[views:table_data:344]:[MainProcess:12684]:==> 查询处方号:ZY_2022040228854
[2022-04-03 13:10:35,195] web:[INFO]:[views:table_data:356]:[MainProcess:12684]:该处方还未关联地址！
[2022-04-03 13:10:36,848] web:[INFO]:[views:get_hos_properties:495]:[MainProcess:12684]:获取医院信息：{"companyprovince": "云南省", "companycity": "昆明市", "companyzone": "盘龙区", "companyaddress": "穿金路733号", "companyname": "云南省精神病医院", "companytel": "0871-63543252"}
[2022-04-03 13:10:37,479] web:[INFO]:[views:table_data:329]:[MainProcess:12684]:获取患者地址信息：
[2022-04-03 13:10:37,480] web:[INFO]:[views:table_data:330]:[MainProcess:12684]:==> executing:SELECT custom_addr.addr_id, custom_addr.custom_num, custom_addr.consignee, custom_addr.con_tel, custom_addr.province, custom_addr.city, custom_addr.zone, custom_addr.addr_detail, custom_addr.is_hos_addr, custom_addr.auto_state 
FROM custom_addr 
WHERE custom_addr.custom_num = '82713' ORDER BY custom_addr.addr_id
[2022-04-03 13:10:37,490] web:[INFO]:[views:table_data:331]:[MainProcess:12684]:==> Parameters:[<management.models.Address object at 0x000001A2451AEB70>]
[2022-04-03 13:10:37,495] web:[INFO]:[views:table_data:334]:[MainProcess:12684]:- <== Row: 2,82713 - {'is_hos_addr': 1, 'custom_num': '82713', 'con_tel': '0871-63543252', 'city': '昆明市', 'addr_detail': '穿金路733号', 'auto_state': 0, 'addr_id': 2, 'consignee': '云南省精神病医院', 'province': '云南省', 'zone': '盘龙区'}
[2022-04-03 13:10:52,264] web:[INFO]:[views:table_data:343]:[MainProcess:12684]:查询处方与地址关联信息：
[2022-04-03 13:10:52,265] web:[INFO]:[views:table_data:344]:[MainProcess:12684]:==> 查询处方号:ZY_2022040228854
[2022-04-03 13:10:52,267] web:[INFO]:[views:table_data:354]:[MainProcess:12684]:==> 关联地址:2 - {'is_hos_addr': 1, 'custom_num': '82713', 'con_tel': '0871-63543252', 'city': '昆明市', 'addr_detail': '穿金路733号', 'auto_state': 0, 'addr_id': 2, 'consignee': '云南省精神病医院', 'province': '云南省', 'zone': '盘龙区'}
[2022-04-03 13:10:56,331] web:[INFO]:[views:table_data:329]:[MainProcess:12684]:获取患者地址信息：
[2022-04-03 13:10:56,332] web:[INFO]:[views:table_data:330]:[MainProcess:12684]:==> executing:SELECT custom_addr.addr_id, custom_addr.custom_num, custom_addr.consignee, custom_addr.con_tel, custom_addr.province, custom_addr.city, custom_addr.zone, custom_addr.addr_detail, custom_addr.is_hos_addr, custom_addr.auto_state 
FROM custom_addr 
WHERE custom_addr.custom_num = '82713' ORDER BY custom_addr.addr_id
[2022-04-03 13:10:56,344] web:[INFO]:[views:table_data:331]:[MainProcess:12684]:==> Parameters:[<management.models.Address object at 0x000001A243FF5C88>]
[2022-04-03 13:10:56,347] web:[INFO]:[views:table_data:343]:[MainProcess:12684]:查询处方与地址关联信息：
[2022-04-03 13:10:56,347] web:[INFO]:[views:table_data:344]:[MainProcess:12684]:==> 查询处方号:ZY_2022040228854
[2022-04-03 13:10:56,350] web:[INFO]:[views:table_data:354]:[MainProcess:12684]:==> 关联地址:2 - {'is_hos_addr': 1, 'custom_num': '82713', 'con_tel': '0871-63543252', 'city': '昆明市', 'addr_detail': '穿金路733号', 'auto_state': 0, 'addr_id': 2, 'consignee': '云南省精神病医院', 'province': '云南省', 'zone': '盘龙区'}
[2022-04-03 13:10:56,351] web:[INFO]:[views:table_data:334]:[MainProcess:12684]:- <== Row: 2,82713 - {'is_hos_addr': 1, 'custom_num': '82713', 'con_tel': '0871-63543252', 'city': '昆明市', 'addr_detail': '穿金路733号', 'auto_state': 0, 'addr_id': 2, 'consignee': '云南省精神病医院', 'province': '云南省', 'zone': '盘龙区'}
[2022-04-03 13:11:19,320] web:[INFO]:[views:table_data:252]:[MainProcess:12684]:查询处方中间表:
[2022-04-03 13:11:19,320] web:[INFO]:[views:table_data:253]:[MainProcess:12684]:==> executing:SELECT `mid _prescriptions`.pres_num, `mid _prescriptions`.pres_time, `mid _prescriptions`.treat_card, `mid _prescriptions`.reg_num, `mid _prescriptions`.province, `mid _prescriptions`.city, `mid _prescriptions`.zone, `mid _prescriptions`.addr_detail, `mid _prescriptions`.consignee, `mid _prescriptions`.con_tel, `mid _prescriptions`.send_goods_time, `mid _prescriptions`.user_name, `mid _prescriptions`.age, `mid _prescriptions`.gender, `mid _prescriptions`.tel, `mid _prescriptions`.is_suffering, `mid _prescriptions`.amount, `mid _prescriptions`.suffering_num, `mid _prescriptions`.ji_fried, `mid _prescriptions`.per_pack_num, `mid _prescriptions`.per_pack_dose, `mid _prescriptions`.type, `mid _prescriptions`.is_within, `mid _prescriptions`.other_pres_num, `mid _prescriptions`.special_instru, `mid _prescriptions`.bed_num, `mid _prescriptions`.hos_depart, `mid _prescriptions`.hospital_num, `mid _prescriptions`.disease_code, `mid _prescriptions`.doctor, `mid _prescriptions`.prescript_remark, `mid _prescriptions`.upload_status, `mid _prescriptions`.description, `mid _prescriptions`.upload_time, `mid _prescriptions`.order_id, `mid _prescriptions`.is_hos_addr, `mid _prescriptions`.medication_methods, `mid _prescriptions`.medication_instruction, `mid _prescriptions`.source 
FROM `mid _prescriptions` 
WHERE `mid _prescriptions`.pres_time BETWEEN '2022-04-03 00:00:00' AND '2022-04-03 13:11:19' ORDER BY `mid _prescriptions`.pres_time DESC
[2022-04-03 13:11:19,332] web:[INFO]:[views:table_data:254]:[MainProcess:12684]:==> Parameters:[]
[2022-04-03 13:11:24,110] web:[INFO]:[views:table_data:252]:[MainProcess:12684]:查询处方中间表:
[2022-04-03 13:11:24,111] web:[INFO]:[views:table_data:253]:[MainProcess:12684]:==> executing:SELECT `mid _prescriptions`.pres_num, `mid _prescriptions`.pres_time, `mid _prescriptions`.treat_card, `mid _prescriptions`.reg_num, `mid _prescriptions`.province, `mid _prescriptions`.city, `mid _prescriptions`.zone, `mid _prescriptions`.addr_detail, `mid _prescriptions`.consignee, `mid _prescriptions`.con_tel, `mid _prescriptions`.send_goods_time, `mid _prescriptions`.user_name, `mid _prescriptions`.age, `mid _prescriptions`.gender, `mid _prescriptions`.tel, `mid _prescriptions`.is_suffering, `mid _prescriptions`.amount, `mid _prescriptions`.suffering_num, `mid _prescriptions`.ji_fried, `mid _prescriptions`.per_pack_num, `mid _prescriptions`.per_pack_dose, `mid _prescriptions`.type, `mid _prescriptions`.is_within, `mid _prescriptions`.other_pres_num, `mid _prescriptions`.special_instru, `mid _prescriptions`.bed_num, `mid _prescriptions`.hos_depart, `mid _prescriptions`.hospital_num, `mid _prescriptions`.disease_code, `mid _prescriptions`.doctor, `mid _prescriptions`.prescript_remark, `mid _prescriptions`.upload_status, `mid _prescriptions`.description, `mid _prescriptions`.upload_time, `mid _prescriptions`.order_id, `mid _prescriptions`.is_hos_addr, `mid _prescriptions`.medication_methods, `mid _prescriptions`.medication_instruction, `mid _prescriptions`.source 
FROM `mid _prescriptions` 
WHERE `mid _prescriptions`.upload_status = '0' ORDER BY `mid _prescriptions`.pres_time DESC
[2022-04-03 13:11:24,124] web:[INFO]:[views:table_data:254]:[MainProcess:12684]:==> Parameters:[<management.models.Prescription object at 0x000001A2451A9B70>]
[2022-04-03 13:11:24,135] web:[INFO]:[views:table_data:257]:[MainProcess:12684]:- <== Row: ZY_2022040228854 - {'pres_time': '2022-04-02 09:28:31', 'amount': 2, 'other_pres_num': 'ZY_2022040228854', 'upload_status': 0, 'con_tel': '0871-63543252', 'special_instru': '精神分裂症;', 'treat_card': '82713', 'suffering_num': 10, 'description': None, 'send_goods_time': '2022-04-04 12:00:00', 'bed_num': '73', 'reg_num': '82713', 'ji_fried': 1, 'upload_time': None, 'user_name': '李敏', 'hos_depart': '中西医结合科病区', 'source': 1, 'province': '云南省', 'per_pack_num': 5, 'order_id': None, 'age': 40, 'hospital_num': '82713', 'city': '昆明市', 'per_pack_dose': 200, 'is_hos_addr': 1, 'gender': 1, 'disease_code': '3401', 'zone': '盘龙区', 'type': 0, 'medication_methods': '', 'tel': '0871-65619257', 'doctor': '何丽', 'addr_detail': '穿金路733号', 'is_within': 0, 'medication_instruction': '', 'pres_num': 'ZY_2022040228854', 'is_suffering': 1, 'prescript_remark': '安神养心2(八珍+益 ', 'consignee': '云南省精神病医院'}
[2022-04-03 13:11:28,459] web:[INFO]:[views:table_data:252]:[MainProcess:12684]:查询处方中间表:
[2022-04-03 13:11:28,460] web:[INFO]:[views:table_data:253]:[MainProcess:12684]:==> executing:SELECT `mid _prescriptions`.pres_num, `mid _prescriptions`.pres_time, `mid _prescriptions`.treat_card, `mid _prescriptions`.reg_num, `mid _prescriptions`.province, `mid _prescriptions`.city, `mid _prescriptions`.zone, `mid _prescriptions`.addr_detail, `mid _prescriptions`.consignee, `mid _prescriptions`.con_tel, `mid _prescriptions`.send_goods_time, `mid _prescriptions`.user_name, `mid _prescriptions`.age, `mid _prescriptions`.gender, `mid _prescriptions`.tel, `mid _prescriptions`.is_suffering, `mid _prescriptions`.amount, `mid _prescriptions`.suffering_num, `mid _prescriptions`.ji_fried, `mid _prescriptions`.per_pack_num, `mid _prescriptions`.per_pack_dose, `mid _prescriptions`.type, `mid _prescriptions`.is_within, `mid _prescriptions`.other_pres_num, `mid _prescriptions`.special_instru, `mid _prescriptions`.bed_num, `mid _prescriptions`.hos_depart, `mid _prescriptions`.hospital_num, `mid _prescriptions`.disease_code, `mid _prescriptions`.doctor, `mid _prescriptions`.prescript_remark, `mid _prescriptions`.upload_status, `mid _prescriptions`.description, `mid _prescriptions`.upload_time, `mid _prescriptions`.order_id, `mid _prescriptions`.is_hos_addr, `mid _prescriptions`.medication_methods, `mid _prescriptions`.medication_instruction, `mid _prescriptions`.source 
FROM `mid _prescriptions` 
WHERE `mid _prescriptions`.upload_status = '0' ORDER BY `mid _prescriptions`.pres_time DESC
[2022-04-03 13:11:28,471] web:[INFO]:[views:table_data:254]:[MainProcess:12684]:==> Parameters:[<management.models.Prescription object at 0x000001A2451A7D30>]
[2022-04-03 13:11:28,479] web:[INFO]:[views:table_data:257]:[MainProcess:12684]:- <== Row: ZY_2022040228854 - {'pres_time': '2022-04-02 09:28:31', 'amount': 2, 'other_pres_num': 'ZY_2022040228854', 'upload_status': 0, 'con_tel': '0871-63543252', 'special_instru': '精神分裂症;', 'treat_card': '82713', 'suffering_num': 10, 'description': None, 'send_goods_time': '2022-04-04 12:00:00', 'bed_num': '73', 'reg_num': '82713', 'ji_fried': 1, 'upload_time': None, 'user_name': '李敏', 'hos_depart': '中西医结合科病区', 'source': 1, 'province': '云南省', 'per_pack_num': 5, 'order_id': None, 'age': 40, 'hospital_num': '82713', 'city': '昆明市', 'per_pack_dose': 200, 'is_hos_addr': 1, 'gender': 1, 'disease_code': '3401', 'zone': '盘龙区', 'type': 0, 'medication_methods': '', 'tel': '0871-65619257', 'doctor': '何丽', 'addr_detail': '穿金路733号', 'is_within': 0, 'medication_instruction': '', 'pres_num': 'ZY_2022040228854', 'is_suffering': 1, 'prescript_remark': '安神养心2(八珍+益 ', 'consignee': '云南省精神病医院'}
[2022-04-03 13:11:33,319] web:[INFO]:[views:table_data:252]:[MainProcess:12684]:查询处方中间表:
[2022-04-03 13:11:33,319] web:[INFO]:[views:table_data:253]:[MainProcess:12684]:==> executing:SELECT `mid _prescriptions`.pres_num, `mid _prescriptions`.pres_time, `mid _prescriptions`.treat_card, `mid _prescriptions`.reg_num, `mid _prescriptions`.province, `mid _prescriptions`.city, `mid _prescriptions`.zone, `mid _prescriptions`.addr_detail, `mid _prescriptions`.consignee, `mid _prescriptions`.con_tel, `mid _prescriptions`.send_goods_time, `mid _prescriptions`.user_name, `mid _prescriptions`.age, `mid _prescriptions`.gender, `mid _prescriptions`.tel, `mid _prescriptions`.is_suffering, `mid _prescriptions`.amount, `mid _prescriptions`.suffering_num, `mid _prescriptions`.ji_fried, `mid _prescriptions`.per_pack_num, `mid _prescriptions`.per_pack_dose, `mid _prescriptions`.type, `mid _prescriptions`.is_within, `mid _prescriptions`.other_pres_num, `mid _prescriptions`.special_instru, `mid _prescriptions`.bed_num, `mid _prescriptions`.hos_depart, `mid _prescriptions`.hospital_num, `mid _prescriptions`.disease_code, `mid _prescriptions`.doctor, `mid _prescriptions`.prescript_remark, `mid _prescriptions`.upload_status, `mid _prescriptions`.description, `mid _prescriptions`.upload_time, `mid _prescriptions`.order_id, `mid _prescriptions`.is_hos_addr, `mid _prescriptions`.medication_methods, `mid _prescriptions`.medication_instruction, `mid _prescriptions`.source 
FROM `mid _prescriptions` 
WHERE `mid _prescriptions`.upload_status = '-1' ORDER BY `mid _prescriptions`.pres_time DESC
[2022-04-03 13:11:33,332] web:[INFO]:[views:table_data:254]:[MainProcess:12684]:==> Parameters:[<management.models.Prescription object at 0x000001A2452B0828>]
[2022-04-03 13:11:33,344] web:[INFO]:[views:table_data:257]:[MainProcess:12684]:- <== Row: MZ_2022040128300 - {'pres_time': '2022-04-01 15:57:46', 'amount': 3, 'other_pres_num': 'MZ_2022040128300', 'upload_status': -1, 'con_tel': '13888157078', 'special_instru': '抑郁发作;', 'treat_card': '05105629', 'suffering_num': 12, 'description': '重复提交处方:[MZ_2022040128300]', 'send_goods_time': '2022-04-03 18:00:00', 'bed_num': None, 'reg_num': '05105629', 'ji_fried': 1, 'upload_time': datetime.datetime(2022, 4, 3, 13, 11, 5), 'user_name': '张伟莉', 'hos_depart': '精神医学/中西医结合', 'source': 0, 'province': '云南省', 'per_pack_num': 4, 'order_id': 'TD22040200001', 'age': 65, 'hospital_num': None, 'city': '昆明市', 'per_pack_dose': 200, 'is_hos_addr': 2, 'gender': 0, 'disease_code': None, 'zone': '五华区', 'type': 0, 'medication_methods': '', 'tel': '13888157078', 'doctor': '杨俊伟', 'addr_detail': '红景路荷塘月色16栋二单元402', 'is_within': 0, 'medication_instruction': '', 'pres_num': 'MZ_2022040128300', 'is_suffering': 1, 'prescript_remark': '', 'consignee': '张伟莉'}
[2022-04-03 13:11:39,873] web:[INFO]:[views:table_data:252]:[MainProcess:12684]:查询处方中间表:
[2022-04-03 13:11:39,873] web:[INFO]:[views:table_data:253]:[MainProcess:12684]:==> executing:SELECT `mid _prescriptions`.pres_num, `mid _prescriptions`.pres_time, `mid _prescriptions`.treat_card, `mid _prescriptions`.reg_num, `mid _prescriptions`.province, `mid _prescriptions`.city, `mid _prescriptions`.zone, `mid _prescriptions`.addr_detail, `mid _prescriptions`.consignee, `mid _prescriptions`.con_tel, `mid _prescriptions`.send_goods_time, `mid _prescriptions`.user_name, `mid _prescriptions`.age, `mid _prescriptions`.gender, `mid _prescriptions`.tel, `mid _prescriptions`.is_suffering, `mid _prescriptions`.amount, `mid _prescriptions`.suffering_num, `mid _prescriptions`.ji_fried, `mid _prescriptions`.per_pack_num, `mid _prescriptions`.per_pack_dose, `mid _prescriptions`.type, `mid _prescriptions`.is_within, `mid _prescriptions`.other_pres_num, `mid _prescriptions`.special_instru, `mid _prescriptions`.bed_num, `mid _prescriptions`.hos_depart, `mid _prescriptions`.hospital_num, `mid _prescriptions`.disease_code, `mid _prescriptions`.doctor, `mid _prescriptions`.prescript_remark, `mid _prescriptions`.upload_status, `mid _prescriptions`.description, `mid _prescriptions`.upload_time, `mid _prescriptions`.order_id, `mid _prescriptions`.is_hos_addr, `mid _prescriptions`.medication_methods, `mid _prescriptions`.medication_instruction, `mid _prescriptions`.source 
FROM `mid _prescriptions` 
WHERE `mid _prescriptions`.pres_time BETWEEN '2022-04-03 00:00:00' AND '2022-04-03 13:11:39' ORDER BY `mid _prescriptions`.pres_time DESC
[2022-04-03 13:11:39,889] web:[INFO]:[views:table_data:254]:[MainProcess:12684]:==> Parameters:[]
[2022-04-03 13:13:48,463] web:[INFO]:[views:table_data:252]:[MainProcess:12684]:查询处方中间表:
[2022-04-03 13:13:48,463] web:[INFO]:[views:table_data:253]:[MainProcess:12684]:==> executing:SELECT `mid _prescriptions`.pres_num, `mid _prescriptions`.pres_time, `mid _prescriptions`.treat_card, `mid _prescriptions`.reg_num, `mid _prescriptions`.province, `mid _prescriptions`.city, `mid _prescriptions`.zone, `mid _prescriptions`.addr_detail, `mid _prescriptions`.consignee, `mid _prescriptions`.con_tel, `mid _prescriptions`.send_goods_time, `mid _prescriptions`.user_name, `mid _prescriptions`.age, `mid _prescriptions`.gender, `mid _prescriptions`.tel, `mid _prescriptions`.is_suffering, `mid _prescriptions`.amount, `mid _prescriptions`.suffering_num, `mid _prescriptions`.ji_fried, `mid _prescriptions`.per_pack_num, `mid _prescriptions`.per_pack_dose, `mid _prescriptions`.type, `mid _prescriptions`.is_within, `mid _prescriptions`.other_pres_num, `mid _prescriptions`.special_instru, `mid _prescriptions`.bed_num, `mid _prescriptions`.hos_depart, `mid _prescriptions`.hospital_num, `mid _prescriptions`.disease_code, `mid _prescriptions`.doctor, `mid _prescriptions`.prescript_remark, `mid _prescriptions`.upload_status, `mid _prescriptions`.description, `mid _prescriptions`.upload_time, `mid _prescriptions`.order_id, `mid _prescriptions`.is_hos_addr, `mid _prescriptions`.medication_methods, `mid _prescriptions`.medication_instruction, `mid _prescriptions`.source 
FROM `mid _prescriptions` 
WHERE `mid _prescriptions`.pres_time BETWEEN '2022-03-25 00:00:00' AND '2022-04-03 13:13:47' ORDER BY `mid _prescriptions`.pres_time DESC
[2022-04-03 13:13:48,475] web:[INFO]:[views:table_data:254]:[MainProcess:12684]:==> Parameters:[<management.models.Prescription object at 0x000001A243E63978>, <management.models.Prescription object at 0x000001A24512F240>]
[2022-04-03 13:13:48,486] web:[INFO]:[views:table_data:257]:[MainProcess:12684]:- <== Row: ZY_2022040228854 - {'pres_time': '2022-04-02 09:28:31', 'amount': 2, 'other_pres_num': 'ZY_2022040228854', 'upload_status': -1, 'con_tel': '0871-63543252', 'special_instru': '精神分裂症;', 'treat_card': '82713', 'suffering_num': 10, 'description': '重复提交处方:[ZY_2022040228854]', 'send_goods_time': '2022-04-04 12:00:00', 'bed_num': '73', 'reg_num': '82713', 'ji_fried': 1, 'upload_time': datetime.datetime(2022, 4, 3, 13, 12, 5), 'user_name': '李敏', 'hos_depart': '中西医结合科病区', 'source': 1, 'province': '云南省', 'per_pack_num': 5, 'order_id': 'TD22040200028', 'age': 40, 'hospital_num': '82713', 'city': '昆明市', 'per_pack_dose': 200, 'is_hos_addr': 1, 'gender': 1, 'disease_code': '3401', 'zone': '盘龙区', 'type': 0, 'medication_methods': '', 'tel': '0871-65619257', 'doctor': '何丽', 'addr_detail': '穿金路733号', 'is_within': 0, 'medication_instruction': '', 'pres_num': 'ZY_2022040228854', 'is_suffering': 1, 'prescript_remark': '安神养心2(八珍+益 ', 'consignee': '云南省精神病医院'}
[2022-04-03 13:13:48,486] web:[INFO]:[views:table_data:257]:[MainProcess:12684]:- <== Row: MZ_2022040128300 - {'pres_time': '2022-04-01 15:57:46', 'amount': 3, 'other_pres_num': 'MZ_2022040128300', 'upload_status': -1, 'con_tel': '13888157078', 'special_instru': '抑郁发作;', 'treat_card': '05105629', 'suffering_num': 12, 'description': '重复提交处方:[MZ_2022040128300]', 'send_goods_time': '2022-04-03 18:00:00', 'bed_num': None, 'reg_num': '05105629', 'ji_fried': 1, 'upload_time': datetime.datetime(2022, 4, 3, 13, 11, 5), 'user_name': '张伟莉', 'hos_depart': '精神医学/中西医结合', 'source': 0, 'province': '云南省', 'per_pack_num': 4, 'order_id': 'TD22040200001', 'age': 65, 'hospital_num': None, 'city': '昆明市', 'per_pack_dose': 200, 'is_hos_addr': 2, 'gender': 0, 'disease_code': None, 'zone': '五华区', 'type': 0, 'medication_methods': '', 'tel': '13888157078', 'doctor': '杨俊伟', 'addr_detail': '红景路荷塘月色16栋二单元402', 'is_within': 0, 'medication_instruction': '', 'pres_num': 'MZ_2022040128300', 'is_suffering': 1, 'prescript_remark': '', 'consignee': '张伟莉'}
